<?xml version="1.0" encoding="UTF-8"?>
<testsuites name="Feature Add Product - Negative Case" time="233.433" tests="7" failures="3" errors="0">
   <testsuite name="Feature Add Product - Negative Case" tests="7" failures="3" errors="0" time="233.433" skipped="0" timestamp="2023-07-03 17:36:59" hostname="ASUS - ASUS-RN911" id="Test Suites/Feature Add Product - Negative Case">
      <properties>
[...]
</properties>
      <testcase name="Test Cases/Step Definition/Feature Add Product/ADDP03 - Add Product Without Input Nama Produk Field" time="18.133" classname="Test Cases/Step Definition/Feature Add Product/ADDP03 - Add Product Without Input Nama Produk Field" status="PASSED">
         <system-out><![CDATA[2023-07-03 17:36:59 - [TEST_CASE][PASSED] - Test Cases/Step Definition/Feature Add Product/ADDP03 - Add Product Without Input Nama Produk Field: Test Cases/Step Definition/Feature Add Product/ADDP03 - Add Product Without Input Nama Produk Field

2023-07-03 17:36:59 - [TEST_STEP][PASSED] - Start listener action : BeforeTestCase: Current window maximized

2023-07-03 17:36:59 - [TEST_STEP][PASSED] - logInfo("Test Case: " + testCaseContext.getTestCaseId()): Test Case: Test Cases/Step Definition/Feature Add Product/ADDP03 - Add Product Without Input Nama Produk Field

2023-07-03 17:36:59 - [MESSAGE][INFO] - Test Case: Test Cases/Step Definition/Feature Add Product/ADDP03 - Add Product Without Input Nama Produk Field

2023-07-03 17:36:59 - [TEST_STEP][PASSED] - openBrowser(): null

2023-07-03 17:36:59 - [TEST_STEP][PASSED] - openBrowser("https://secondhand.binaracademy.org/"): Browser is opened with url: 'https://secondhand.binaracademy.org/'

2023-07-03 17:36:59 - [MESSAGE][INFO] - Starting 'Chrome' driver

2023-07-03 17:36:59 - [MESSAGE][INFO] - Action delay is set to 0 milliseconds

2023-07-03 17:37:03 - [MESSAGE][PASSED] - Browser is opened with url: 'https://secondhand.binaracademy.org/'

2023-07-03 17:37:03 - [TEST_STEP][PASSED] - maximizeWindow(): Current window maximized

2023-07-03 17:37:03 - [MESSAGE][PASSED] - Current window maximized

2023-07-03 17:37:03 - [TEST_STEP][PASSED] - callTestCase(findTestCase("Pages/Homepage/Click Masuk from homepage"), [:], STOP_ON_FAILURE): Call Test Case 'Test Cases/Pages/Homepage/Click Masuk from homepage' successfully

2023-07-03 17:37:03 - [TEST_CASE][PASSED] - Test Cases/Pages/Homepage/Click Masuk from homepage: Test Cases/Pages/Homepage/Click Masuk from homepage

2023-07-03 17:37:03 - [TEST_STEP][PASSED] - click(findTestObject("Navbar/a_Masuk")): Object: 'Object Repository/Navbar/a_Masuk' is clicked on

2023-07-03 17:37:04 - [MESSAGE][PASSED] - Object: 'Object Repository/Navbar/a_Masuk' is clicked on

2023-07-03 17:37:04 - [MESSAGE][PASSED] - Call Test Case 'Test Cases/Pages/Homepage/Click Masuk from homepage' successfully

2023-07-03 17:37:04 - [TEST_STEP][PASSED] - callTestCase(findTestCase("Pages/Login/Input Email"), ["email":"prabotanpreloved@mytestmail.net"], STOP_ON_FAILURE): Call Test Case 'Test Cases/Pages/Login/Input Email' successfully

2023-07-03 17:37:04 - [TEST_CASE][PASSED] - Test Cases/Pages/Login/Input Email: Test Cases/Pages/Login/Input Email

2023-07-03 17:37:04 - [TEST_STEP][PASSED] - setText(findTestObject("Login/input_Email"), email): Text 'prabotanpreloved@mytestmail.net' is set on object 'Object Repository/Login/input_Email'

2023-07-03 17:37:05 - [MESSAGE][PASSED] - Text 'prabotanpreloved@mytestmail.net' is set on object 'Object Repository/Login/input_Email'

2023-07-03 17:37:05 - [MESSAGE][PASSED] - Call Test Case 'Test Cases/Pages/Login/Input Email' successfully

2023-07-03 17:37:05 - [TEST_STEP][PASSED] - callTestCase(findTestCase("Pages/Login/Input Password"), ["password":"a1b2c3d4"], STOP_ON_FAILURE): Call Test Case 'Test Cases/Pages/Login/Input Password' successfully

2023-07-03 17:37:05 - [TEST_CASE][PASSED] - Test Cases/Pages/Login/Input Password: Test Cases/Pages/Login/Input Password

2023-07-03 17:37:05 - [TEST_STEP][PASSED] - setText(findTestObject("Login/input_Password"), password): Text 'a1b2c3d4' is set on object 'Object Repository/Login/input_Password'

2023-07-03 17:37:05 - [MESSAGE][PASSED] - Text 'a1b2c3d4' is set on object 'Object Repository/Login/input_Password'

2023-07-03 17:37:05 - [MESSAGE][PASSED] - Call Test Case 'Test Cases/Pages/Login/Input Password' successfully

2023-07-03 17:37:05 - [TEST_STEP][PASSED] - callTestCase(findTestCase("Pages/Login/Click Button Masuk"), [:], STOP_ON_FAILURE): Call Test Case 'Test Cases/Pages/Login/Click Button Masuk' successfully

2023-07-03 17:37:06 - [TEST_CASE][PASSED] - Test Cases/Pages/Login/Click Button Masuk: Test Cases/Pages/Login/Click Button Masuk

2023-07-03 17:37:06 - [TEST_STEP][PASSED] - click(findTestObject("Login/button_Masuk")): Object: 'Object Repository/Login/button_Masuk' is clicked on

2023-07-03 17:37:06 - [MESSAGE][PASSED] - Object: 'Object Repository/Login/button_Masuk' is clicked on

2023-07-03 17:37:06 - [TEST_STEP][PASSED] - waitForPageLoad(5): Wait for page load successfully

2023-07-03 17:37:06 - [MESSAGE][PASSED] - Wait for page load successfully

2023-07-03 17:37:06 - [MESSAGE][PASSED] - Call Test Case 'Test Cases/Pages/Login/Click Button Masuk' successfully

2023-07-03 17:37:06 - [TEST_STEP][PASSED] - callTestCase(findTestCase("Pages/Homepage/Click Jual Floating Button"), [:], STOP_ON_FAILURE): Call Test Case 'Test Cases/Pages/Homepage/Click Jual Floating Button' successfully

2023-07-03 17:37:06 - [TEST_CASE][PASSED] - Test Cases/Pages/Homepage/Click Jual Floating Button: Test Cases/Pages/Homepage/Click Jual Floating Button

2023-07-03 17:37:06 - [TEST_STEP][PASSED] - click(findTestObject("Homepage/a_Button Jual")): Object: 'Object Repository/Homepage/a_Button Jual' is clicked on

2023-07-03 17:37:08 - [MESSAGE][PASSED] - Object: 'Object Repository/Homepage/a_Button Jual' is clicked on

2023-07-03 17:37:08 - [MESSAGE][PASSED] - Call Test Case 'Test Cases/Pages/Homepage/Click Jual Floating Button' successfully

2023-07-03 17:37:08 - [TEST_STEP][PASSED] - callTestCase(findTestCase("Pages/Add Product/Verify Add Product Form"), [:], STOP_ON_FAILURE): Call Test Case 'Test Cases/Pages/Add Product/Verify Add Product Form' successfully

2023-07-03 17:37:08 - [TEST_CASE][PASSED] - Test Cases/Pages/Add Product/Verify Add Product Form: Test Cases/Pages/Add Product/Verify Add Product Form

2023-07-03 17:37:08 - [TEST_STEP][PASSED] - verifyElementPresent(findTestObject("Products/Add Product Page/input_Nama Produk"), 0): Object 'Object Repository/Products/Add Product Page/input_Nama Produk' is present

2023-07-03 17:37:08 - [MESSAGE][WARNING] - Timeout '0' is invalid. Using default page load timeout: '30'

2023-07-03 17:37:08 - [MESSAGE][PASSED] - Object 'Object Repository/Products/Add Product Page/input_Nama Produk' is present

2023-07-03 17:37:08 - [TEST_STEP][PASSED] - verifyElementPresent(findTestObject("Products/Add Product Page/input_Harga Produk"), 0): Object 'Object Repository/Products/Add Product Page/input_Harga Produk' is present

2023-07-03 17:37:08 - [MESSAGE][WARNING] - Timeout '0' is invalid. Using default page load timeout: '30'

2023-07-03 17:37:09 - [MESSAGE][PASSED] - Object 'Object Repository/Products/Add Product Page/input_Harga Produk' is present

2023-07-03 17:37:09 - [TEST_STEP][PASSED] - verifyElementPresent(findTestObject("Products/Add Product Page/select_Kategori"), 0): Object 'Object Repository/Products/Add Product Page/select_Kategori' is present

2023-07-03 17:37:09 - [MESSAGE][WARNING] - Timeout '0' is invalid. Using default page load timeout: '30'

2023-07-03 17:37:09 - [MESSAGE][PASSED] - Object 'Object Repository/Products/Add Product Page/select_Kategori' is present

2023-07-03 17:37:09 - [TEST_STEP][PASSED] - verifyElementPresent(findTestObject("Products/Add Product Page/textarea_Deskripsi"), 0): Object 'Object Repository/Products/Add Product Page/textarea_Deskripsi' is present

2023-07-03 17:37:09 - [MESSAGE][WARNING] - Timeout '0' is invalid. Using default page load timeout: '30'

2023-07-03 17:37:09 - [MESSAGE][PASSED] - Object 'Object Repository/Products/Add Product Page/textarea_Deskripsi' is present

2023-07-03 17:37:09 - [TEST_STEP][PASSED] - verifyElementPresent(findTestObject("Products/Add Product Page/input_Gambar Produk"), 0): Object 'Object Repository/Products/Add Product Page/input_Gambar Produk' is present

2023-07-03 17:37:09 - [MESSAGE][WARNING] - Timeout '0' is invalid. Using default page load timeout: '30'

2023-07-03 17:37:10 - [MESSAGE][PASSED] - Object 'Object Repository/Products/Add Product Page/input_Gambar Produk' is present

2023-07-03 17:37:10 - [TEST_STEP][PASSED] - verifyElementPresent(findTestObject("Products/Add Product Page/label_Button Terbitkan"), 0): Object 'Object Repository/Products/Add Product Page/label_Button Terbitkan' is present

2023-07-03 17:37:10 - [MESSAGE][WARNING] - Timeout '0' is invalid. Using default page load timeout: '30'

2023-07-03 17:37:10 - [MESSAGE][PASSED] - Object 'Object Repository/Products/Add Product Page/label_Button Terbitkan' is present

2023-07-03 17:37:10 - [MESSAGE][PASSED] - Call Test Case 'Test Cases/Pages/Add Product/Verify Add Product Form' successfully

2023-07-03 17:37:10 - [TEST_STEP][PASSED] - callTestCase(findTestCase("Pages/Add Product/Input Harga Produk"), ["hargaProduk":"100000"], STOP_ON_FAILURE): Call Test Case 'Test Cases/Pages/Add Product/Input Harga Produk' successfully

2023-07-03 17:37:10 - [TEST_CASE][PASSED] - Test Cases/Pages/Add Product/Input Harga Produk: Test Cases/Pages/Add Product/Input Harga Produk

2023-07-03 17:37:10 - [TEST_STEP][PASSED] - setText(findTestObject("Products/Add Product Page/input_Harga Produk"), hargaProduk): Text '100000' is set on object 'Object Repository/Products/Add Product Page/input_Harga Produk'

2023-07-03 17:37:11 - [MESSAGE][PASSED] - Text '100000' is set on object 'Object Repository/Products/Add Product Page/input_Harga Produk'

2023-07-03 17:37:11 - [MESSAGE][PASSED] - Call Test Case 'Test Cases/Pages/Add Product/Input Harga Produk' successfully

2023-07-03 17:37:11 - [TEST_STEP][PASSED] - callTestCase(findTestCase("Pages/Add Product/Input Kategori Produk"), ["kategoriProduk":"Kesehatan"], STOP_ON_FAILURE): Call Test Case 'Test Cases/Pages/Add Product/Input Kategori Produk' successfully

2023-07-03 17:37:11 - [TEST_CASE][PASSED] - Test Cases/Pages/Add Product/Input Kategori Produk: Test Cases/Pages/Add Product/Input Kategori Produk

2023-07-03 17:37:11 - [TEST_STEP][PASSED] - selectOptionByLabel(findTestObject("Products/Add Product Page/select_Kategori"), kategoriProduk, false): All options with label 'Kesehatan' are selected in object 'Object Repository/Products/Add Product Page/select_Kategori' 

2023-07-03 17:37:11 - [MESSAGE][PASSED] - All options with label 'Kesehatan' are selected in object 'Object Repository/Products/Add Product Page/select_Kategori' 

2023-07-03 17:37:11 - [MESSAGE][PASSED] - Call Test Case 'Test Cases/Pages/Add Product/Input Kategori Produk' successfully

2023-07-03 17:37:11 - [TEST_STEP][PASSED] - callTestCase(findTestCase("Pages/Add Product/Input Deskripsi Produk"), ["deskripsiProduk":"Deskripsi Produk A"], STOP_ON_FAILURE): Call Test Case 'Test Cases/Pages/Add Product/Input Deskripsi Produk' successfully

2023-07-03 17:37:11 - [TEST_CASE][PASSED] - Test Cases/Pages/Add Product/Input Deskripsi Produk: Test Cases/Pages/Add Product/Input Deskripsi Produk

2023-07-03 17:37:12 - [TEST_STEP][PASSED] - setText(findTestObject("Products/Add Product Page/textarea_Deskripsi"), deskripsiProduk): Text 'Deskripsi Produk A' is set on object 'Object Repository/Products/Add Product Page/textarea_Deskripsi'

2023-07-03 17:37:12 - [MESSAGE][PASSED] - Text 'Deskripsi Produk A' is set on object 'Object Repository/Products/Add Product Page/textarea_Deskripsi'

2023-07-03 17:37:12 - [MESSAGE][PASSED] - Call Test Case 'Test Cases/Pages/Add Product/Input Deskripsi Produk' successfully

2023-07-03 17:37:12 - [TEST_STEP][PASSED] - callTestCase(findTestCase("Pages/Add Product/Input Gambar Produk"), ["pathToFile":System.getProperty("user.dir") + "\Data Files\ImageForTest\binar.jpg"], STOP_ON_FAILURE): Call Test Case 'Test Cases/Pages/Add Product/Input Gambar Produk' successfully

2023-07-03 17:37:12 - [TEST_CASE][PASSED] - Test Cases/Pages/Add Product/Input Gambar Produk: Test Cases/Pages/Add Product/Input Gambar Produk

2023-07-03 17:37:12 - [TEST_STEP][PASSED] - uploadFile(findTestObject("Products/Add Product Page/input_Gambar Produk"), pathToFile): File 'E:\GitRepo\Katalon\binarqa-group1-web\Data Files\ImageForTest\binar.jpg' sent to object: 'Object Repository/Products/Add Product Page/input_Gambar Produk'

2023-07-03 17:37:13 - [MESSAGE][PASSED] - File 'E:\GitRepo\Katalon\binarqa-group1-web\Data Files\ImageForTest\binar.jpg' sent to object: 'Object Repository/Products/Add Product Page/input_Gambar Produk'

2023-07-03 17:37:13 - [MESSAGE][PASSED] - Call Test Case 'Test Cases/Pages/Add Product/Input Gambar Produk' successfully

2023-07-03 17:37:13 - [TEST_STEP][PASSED] - callTestCase(findTestCase("Pages/Add Product/Click Terbitkan Button"), [:], STOP_ON_FAILURE): Call Test Case 'Test Cases/Pages/Add Product/Click Terbitkan Button' successfully

2023-07-03 17:37:13 - [TEST_CASE][PASSED] - Test Cases/Pages/Add Product/Click Terbitkan Button: Test Cases/Pages/Add Product/Click Terbitkan Button

2023-07-03 17:37:13 - [TEST_STEP][PASSED] - click(findTestObject("Products/Add Product Page/label_Button Terbitkan")): Object: 'Object Repository/Products/Add Product Page/label_Button Terbitkan' is clicked on

2023-07-03 17:37:16 - [MESSAGE][PASSED] - Object: 'Object Repository/Products/Add Product Page/label_Button Terbitkan' is clicked on

2023-07-03 17:37:16 - [MESSAGE][PASSED] - Call Test Case 'Test Cases/Pages/Add Product/Click Terbitkan Button' successfully

2023-07-03 17:37:16 - [TEST_STEP][PASSED] - callTestCase(findTestCase("Pages/Add Product/Verify Error Message/Verify Nama Produk Error Message"), [:], STOP_ON_FAILURE): Call Test Case 'Test Cases/Pages/Add Product/Verify Error Message/Verify Nama Produk Error Message' successfully

2023-07-03 17:37:16 - [TEST_CASE][PASSED] - Test Cases/Pages/Add Product/Verify Error Message/Verify Nama Produk Error Message: Test Cases/Pages/Add Product/Verify Error Message/Verify Nama Produk Error Message

2023-07-03 17:37:16 - [TEST_STEP][PASSED] - verifyElementVisible(findTestObject("Products/Add Product Page/Error Message/div_Name cant be blank")): Object 'Object Repository/Products/Add Product Page/Error Message/div_Name cant be blank' is visible

2023-07-03 17:37:17 - [MESSAGE][PASSED] - Object 'Object Repository/Products/Add Product Page/Error Message/div_Name cant be blank' is visible

2023-07-03 17:37:17 - [MESSAGE][PASSED] - Call Test Case 'Test Cases/Pages/Add Product/Verify Error Message/Verify Nama Produk Error Message' successfully

2023-07-03 17:37:17 - [TEST_STEP][PASSED] - Start listener action : AfterTestCase: Browser is closed

2023-07-03 17:37:17 - [TEST_STEP][PASSED] - logInfo("Test Case: " + testCaseContext.getTestCaseId() + " | " + testCaseContext.getTestCaseStatus()): Test Case: Test Cases/Step Definition/Feature Add Product/ADDP03 - Add Product Without Input Nama Produk Field | PASSED

2023-07-03 17:37:17 - [MESSAGE][INFO] - Test Case: Test Cases/Step Definition/Feature Add Product/ADDP03 - Add Product Without Input Nama Produk Field | PASSED

2023-07-03 17:37:17 - [TEST_STEP][PASSED] - closeBrowser(): null

2023-07-03 17:37:17 - [TEST_STEP][PASSED] - closeBrowser(): Browser is closed

2023-07-03 17:37:17 - [MESSAGE][PASSED] - Browser is closed]]></system-out>
         <system-err><![CDATA[]]></system-err>
      </testcase>
      <testcase name="Test Cases/Step Definition/Feature Add Product/ADDP04 - Add Product Without Input Harga Produk Field" time="16.218" classname="Test Cases/Step Definition/Feature Add Product/ADDP04 - Add Product Without Input Harga Produk Field" status="PASSED">
         <system-out><![CDATA[2023-07-03 17:37:17 - [TEST_CASE][PASSED] - Test Cases/Step Definition/Feature Add Product/ADDP04 - Add Product Without Input Harga Produk Field: Test Cases/Step Definition/Feature Add Product/ADDP04 - Add Product Without Input Harga Produk Field

2023-07-03 17:37:17 - [TEST_STEP][PASSED] - Start listener action : BeforeTestCase: Current window maximized

2023-07-03 17:37:17 - [TEST_STEP][PASSED] - logInfo("Test Case: " + testCaseContext.getTestCaseId()): Test Case: Test Cases/Step Definition/Feature Add Product/ADDP04 - Add Product Without Input Harga Produk Field

2023-07-03 17:37:17 - [MESSAGE][INFO] - Test Case: Test Cases/Step Definition/Feature Add Product/ADDP04 - Add Product Without Input Harga Produk Field

2023-07-03 17:37:17 - [TEST_STEP][PASSED] - openBrowser(): null

2023-07-03 17:37:17 - [TEST_STEP][PASSED] - openBrowser("https://secondhand.binaracademy.org/"): Browser is opened with url: 'https://secondhand.binaracademy.org/'

2023-07-03 17:37:17 - [MESSAGE][INFO] - Starting 'Chrome' driver

2023-07-03 17:37:17 - [MESSAGE][INFO] - Action delay is set to 0 milliseconds

2023-07-03 17:37:19 - [MESSAGE][PASSED] - Browser is opened with url: 'https://secondhand.binaracademy.org/'

2023-07-03 17:37:19 - [TEST_STEP][PASSED] - maximizeWindow(): Current window maximized

2023-07-03 17:37:20 - [MESSAGE][PASSED] - Current window maximized

2023-07-03 17:37:20 - [TEST_STEP][PASSED] - callTestCase(findTestCase("Pages/Homepage/Click Masuk from homepage"), [:], STOP_ON_FAILURE): Call Test Case 'Test Cases/Pages/Homepage/Click Masuk from homepage' successfully

2023-07-03 17:37:20 - [TEST_CASE][PASSED] - Test Cases/Pages/Homepage/Click Masuk from homepage: Test Cases/Pages/Homepage/Click Masuk from homepage

2023-07-03 17:37:20 - [TEST_STEP][PASSED] - click(findTestObject("Navbar/a_Masuk")): Object: 'Object Repository/Navbar/a_Masuk' is clicked on

2023-07-03 17:37:20 - [MESSAGE][PASSED] - Object: 'Object Repository/Navbar/a_Masuk' is clicked on

2023-07-03 17:37:20 - [MESSAGE][PASSED] - Call Test Case 'Test Cases/Pages/Homepage/Click Masuk from homepage' successfully

2023-07-03 17:37:20 - [TEST_STEP][PASSED] - callTestCase(findTestCase("Pages/Login/Input Email"), ["email":"prabotanpreloved@mytestmail.net"], STOP_ON_FAILURE): Call Test Case 'Test Cases/Pages/Login/Input Email' successfully

2023-07-03 17:37:20 - [TEST_CASE][PASSED] - Test Cases/Pages/Login/Input Email: Test Cases/Pages/Login/Input Email

2023-07-03 17:37:20 - [TEST_STEP][PASSED] - setText(findTestObject("Login/input_Email"), email): Text 'prabotanpreloved@mytestmail.net' is set on object 'Object Repository/Login/input_Email'

2023-07-03 17:37:21 - [MESSAGE][PASSED] - Text 'prabotanpreloved@mytestmail.net' is set on object 'Object Repository/Login/input_Email'

2023-07-03 17:37:21 - [MESSAGE][PASSED] - Call Test Case 'Test Cases/Pages/Login/Input Email' successfully

2023-07-03 17:37:21 - [TEST_STEP][PASSED] - callTestCase(findTestCase("Pages/Login/Input Password"), ["password":"a1b2c3d4"], STOP_ON_FAILURE): Call Test Case 'Test Cases/Pages/Login/Input Password' successfully

2023-07-03 17:37:21 - [TEST_CASE][PASSED] - Test Cases/Pages/Login/Input Password: Test Cases/Pages/Login/Input Password

2023-07-03 17:37:21 - [TEST_STEP][PASSED] - setText(findTestObject("Login/input_Password"), password): Text 'a1b2c3d4' is set on object 'Object Repository/Login/input_Password'

2023-07-03 17:37:22 - [MESSAGE][PASSED] - Text 'a1b2c3d4' is set on object 'Object Repository/Login/input_Password'

2023-07-03 17:37:22 - [MESSAGE][PASSED] - Call Test Case 'Test Cases/Pages/Login/Input Password' successfully

2023-07-03 17:37:22 - [TEST_STEP][PASSED] - callTestCase(findTestCase("Pages/Login/Click Button Masuk"), [:], STOP_ON_FAILURE): Call Test Case 'Test Cases/Pages/Login/Click Button Masuk' successfully

2023-07-03 17:37:22 - [TEST_CASE][PASSED] - Test Cases/Pages/Login/Click Button Masuk: Test Cases/Pages/Login/Click Button Masuk

2023-07-03 17:37:22 - [TEST_STEP][PASSED] - click(findTestObject("Login/button_Masuk")): Object: 'Object Repository/Login/button_Masuk' is clicked on

2023-07-03 17:37:22 - [MESSAGE][PASSED] - Object: 'Object Repository/Login/button_Masuk' is clicked on

2023-07-03 17:37:22 - [TEST_STEP][PASSED] - waitForPageLoad(5): Wait for page load successfully

2023-07-03 17:37:22 - [MESSAGE][PASSED] - Wait for page load successfully

2023-07-03 17:37:22 - [MESSAGE][PASSED] - Call Test Case 'Test Cases/Pages/Login/Click Button Masuk' successfully

2023-07-03 17:37:22 - [TEST_STEP][PASSED] - callTestCase(findTestCase("Pages/Homepage/Click Jual Floating Button"), [:], STOP_ON_FAILURE): Call Test Case 'Test Cases/Pages/Homepage/Click Jual Floating Button' successfully

2023-07-03 17:37:23 - [TEST_CASE][PASSED] - Test Cases/Pages/Homepage/Click Jual Floating Button: Test Cases/Pages/Homepage/Click Jual Floating Button

2023-07-03 17:37:23 - [TEST_STEP][PASSED] - click(findTestObject("Homepage/a_Button Jual")): Object: 'Object Repository/Homepage/a_Button Jual' is clicked on

2023-07-03 17:37:24 - [MESSAGE][PASSED] - Object: 'Object Repository/Homepage/a_Button Jual' is clicked on

2023-07-03 17:37:24 - [MESSAGE][PASSED] - Call Test Case 'Test Cases/Pages/Homepage/Click Jual Floating Button' successfully

2023-07-03 17:37:24 - [TEST_STEP][PASSED] - callTestCase(findTestCase("Pages/Add Product/Verify Add Product Form"), [:], STOP_ON_FAILURE): Call Test Case 'Test Cases/Pages/Add Product/Verify Add Product Form' successfully

2023-07-03 17:37:24 - [TEST_CASE][PASSED] - Test Cases/Pages/Add Product/Verify Add Product Form: Test Cases/Pages/Add Product/Verify Add Product Form

2023-07-03 17:37:24 - [TEST_STEP][PASSED] - verifyElementPresent(findTestObject("Products/Add Product Page/input_Nama Produk"), 0): Object 'Object Repository/Products/Add Product Page/input_Nama Produk' is present

2023-07-03 17:37:24 - [MESSAGE][WARNING] - Timeout '0' is invalid. Using default page load timeout: '30'

2023-07-03 17:37:25 - [MESSAGE][PASSED] - Object 'Object Repository/Products/Add Product Page/input_Nama Produk' is present

2023-07-03 17:37:25 - [TEST_STEP][PASSED] - verifyElementPresent(findTestObject("Products/Add Product Page/input_Harga Produk"), 0): Object 'Object Repository/Products/Add Product Page/input_Harga Produk' is present

2023-07-03 17:37:25 - [MESSAGE][WARNING] - Timeout '0' is invalid. Using default page load timeout: '30'

2023-07-03 17:37:25 - [MESSAGE][PASSED] - Object 'Object Repository/Products/Add Product Page/input_Harga Produk' is present

2023-07-03 17:37:25 - [TEST_STEP][PASSED] - verifyElementPresent(findTestObject("Products/Add Product Page/select_Kategori"), 0): Object 'Object Repository/Products/Add Product Page/select_Kategori' is present

2023-07-03 17:37:25 - [MESSAGE][WARNING] - Timeout '0' is invalid. Using default page load timeout: '30'

2023-07-03 17:37:25 - [MESSAGE][PASSED] - Object 'Object Repository/Products/Add Product Page/select_Kategori' is present

2023-07-03 17:37:25 - [TEST_STEP][PASSED] - verifyElementPresent(findTestObject("Products/Add Product Page/textarea_Deskripsi"), 0): Object 'Object Repository/Products/Add Product Page/textarea_Deskripsi' is present

2023-07-03 17:37:25 - [MESSAGE][WARNING] - Timeout '0' is invalid. Using default page load timeout: '30'

2023-07-03 17:37:26 - [MESSAGE][PASSED] - Object 'Object Repository/Products/Add Product Page/textarea_Deskripsi' is present

2023-07-03 17:37:26 - [TEST_STEP][PASSED] - verifyElementPresent(findTestObject("Products/Add Product Page/input_Gambar Produk"), 0): Object 'Object Repository/Products/Add Product Page/input_Gambar Produk' is present

2023-07-03 17:37:26 - [MESSAGE][WARNING] - Timeout '0' is invalid. Using default page load timeout: '30'

2023-07-03 17:37:26 - [MESSAGE][PASSED] - Object 'Object Repository/Products/Add Product Page/input_Gambar Produk' is present

2023-07-03 17:37:26 - [TEST_STEP][PASSED] - verifyElementPresent(findTestObject("Products/Add Product Page/label_Button Terbitkan"), 0): Object 'Object Repository/Products/Add Product Page/label_Button Terbitkan' is present

2023-07-03 17:37:26 - [MESSAGE][WARNING] - Timeout '0' is invalid. Using default page load timeout: '30'

2023-07-03 17:37:26 - [MESSAGE][PASSED] - Object 'Object Repository/Products/Add Product Page/label_Button Terbitkan' is present

2023-07-03 17:37:26 - [MESSAGE][PASSED] - Call Test Case 'Test Cases/Pages/Add Product/Verify Add Product Form' successfully

2023-07-03 17:37:26 - [TEST_STEP][PASSED] - callTestCase(findTestCase("Pages/Add Product/Input Nama Produk"), ["namaProduk":"Produk A"], STOP_ON_FAILURE): Call Test Case 'Test Cases/Pages/Add Product/Input Nama Produk' successfully

2023-07-03 17:37:26 - [TEST_CASE][PASSED] - Test Cases/Pages/Add Product/Input Nama Produk: Test Cases/Pages/Add Product/Input Nama Produk

2023-07-03 17:37:27 - [TEST_STEP][PASSED] - setText(findTestObject("Products/Add Product Page/input_Nama Produk"), namaProduk): Text 'Produk A' is set on object 'Object Repository/Products/Add Product Page/input_Nama Produk'

2023-07-03 17:37:27 - [MESSAGE][PASSED] - Text 'Produk A' is set on object 'Object Repository/Products/Add Product Page/input_Nama Produk'

2023-07-03 17:37:27 - [MESSAGE][PASSED] - Call Test Case 'Test Cases/Pages/Add Product/Input Nama Produk' successfully

2023-07-03 17:37:27 - [TEST_STEP][PASSED] - callTestCase(findTestCase("Pages/Add Product/Input Kategori Produk"), ["kategoriProduk":"Kesehatan"], STOP_ON_FAILURE): Call Test Case 'Test Cases/Pages/Add Product/Input Kategori Produk' successfully

2023-07-03 17:37:27 - [TEST_CASE][PASSED] - Test Cases/Pages/Add Product/Input Kategori Produk: Test Cases/Pages/Add Product/Input Kategori Produk

2023-07-03 17:37:27 - [TEST_STEP][PASSED] - selectOptionByLabel(findTestObject("Products/Add Product Page/select_Kategori"), kategoriProduk, false): All options with label 'Kesehatan' are selected in object 'Object Repository/Products/Add Product Page/select_Kategori' 

2023-07-03 17:37:28 - [MESSAGE][PASSED] - All options with label 'Kesehatan' are selected in object 'Object Repository/Products/Add Product Page/select_Kategori' 

2023-07-03 17:37:28 - [MESSAGE][PASSED] - Call Test Case 'Test Cases/Pages/Add Product/Input Kategori Produk' successfully

2023-07-03 17:37:28 - [TEST_STEP][PASSED] - callTestCase(findTestCase("Pages/Add Product/Input Deskripsi Produk"), ["deskripsiProduk":"Deskripsi Produk A"], STOP_ON_FAILURE): Call Test Case 'Test Cases/Pages/Add Product/Input Deskripsi Produk' successfully

2023-07-03 17:37:28 - [TEST_CASE][PASSED] - Test Cases/Pages/Add Product/Input Deskripsi Produk: Test Cases/Pages/Add Product/Input Deskripsi Produk

2023-07-03 17:37:28 - [TEST_STEP][PASSED] - setText(findTestObject("Products/Add Product Page/textarea_Deskripsi"), deskripsiProduk): Text 'Deskripsi Produk A' is set on object 'Object Repository/Products/Add Product Page/textarea_Deskripsi'

2023-07-03 17:37:29 - [MESSAGE][PASSED] - Text 'Deskripsi Produk A' is set on object 'Object Repository/Products/Add Product Page/textarea_Deskripsi'

2023-07-03 17:37:29 - [MESSAGE][PASSED] - Call Test Case 'Test Cases/Pages/Add Product/Input Deskripsi Produk' successfully

2023-07-03 17:37:29 - [TEST_STEP][PASSED] - callTestCase(findTestCase("Pages/Add Product/Input Gambar Produk"), ["pathToFile":System.getProperty("user.dir") + "\Data Files\ImageForTest\binar.jpg"], STOP_ON_FAILURE): Call Test Case 'Test Cases/Pages/Add Product/Input Gambar Produk' successfully

2023-07-03 17:37:29 - [TEST_CASE][PASSED] - Test Cases/Pages/Add Product/Input Gambar Produk: Test Cases/Pages/Add Product/Input Gambar Produk

2023-07-03 17:37:29 - [TEST_STEP][PASSED] - uploadFile(findTestObject("Products/Add Product Page/input_Gambar Produk"), pathToFile): File 'E:\GitRepo\Katalon\binarqa-group1-web\Data Files\ImageForTest\binar.jpg' sent to object: 'Object Repository/Products/Add Product Page/input_Gambar Produk'

2023-07-03 17:37:29 - [MESSAGE][PASSED] - File 'E:\GitRepo\Katalon\binarqa-group1-web\Data Files\ImageForTest\binar.jpg' sent to object: 'Object Repository/Products/Add Product Page/input_Gambar Produk'

2023-07-03 17:37:29 - [MESSAGE][PASSED] - Call Test Case 'Test Cases/Pages/Add Product/Input Gambar Produk' successfully

2023-07-03 17:37:29 - [TEST_STEP][PASSED] - callTestCase(findTestCase("Pages/Add Product/Click Terbitkan Button"), [:], STOP_ON_FAILURE): Call Test Case 'Test Cases/Pages/Add Product/Click Terbitkan Button' successfully

2023-07-03 17:37:29 - [TEST_CASE][PASSED] - Test Cases/Pages/Add Product/Click Terbitkan Button: Test Cases/Pages/Add Product/Click Terbitkan Button

2023-07-03 17:37:29 - [TEST_STEP][PASSED] - click(findTestObject("Products/Add Product Page/label_Button Terbitkan")): Object: 'Object Repository/Products/Add Product Page/label_Button Terbitkan' is clicked on

2023-07-03 17:37:32 - [MESSAGE][PASSED] - Object: 'Object Repository/Products/Add Product Page/label_Button Terbitkan' is clicked on

2023-07-03 17:37:32 - [MESSAGE][PASSED] - Call Test Case 'Test Cases/Pages/Add Product/Click Terbitkan Button' successfully

2023-07-03 17:37:32 - [TEST_STEP][PASSED] - callTestCase(findTestCase("Pages/Add Product/Verify Error Message/Verify Harga Produk Blank Error Message"), [:], STOP_ON_FAILURE): Call Test Case 'Test Cases/Pages/Add Product/Verify Error Message/Verify Harga Produk Blank Error Message' successfully

2023-07-03 17:37:32 - [TEST_CASE][PASSED] - Test Cases/Pages/Add Product/Verify Error Message/Verify Harga Produk Blank Error Message: Test Cases/Pages/Add Product/Verify Error Message/Verify Harga Produk Blank Error Message

2023-07-03 17:37:33 - [TEST_STEP][PASSED] - verifyElementVisible(findTestObject("Products/Add Product Page/Error Message/div_Price cant be blank")): Object 'Object Repository/Products/Add Product Page/Error Message/div_Price cant be blank' is visible

2023-07-03 17:37:33 - [MESSAGE][PASSED] - Object 'Object Repository/Products/Add Product Page/Error Message/div_Price cant be blank' is visible

2023-07-03 17:37:33 - [MESSAGE][PASSED] - Call Test Case 'Test Cases/Pages/Add Product/Verify Error Message/Verify Harga Produk Blank Error Message' successfully

2023-07-03 17:37:33 - [TEST_STEP][PASSED] - Start listener action : AfterTestCase: Browser is closed

2023-07-03 17:37:33 - [TEST_STEP][PASSED] - logInfo("Test Case: " + testCaseContext.getTestCaseId() + " | " + testCaseContext.getTestCaseStatus()): Test Case: Test Cases/Step Definition/Feature Add Product/ADDP04 - Add Product Without Input Harga Produk Field | PASSED

2023-07-03 17:37:33 - [MESSAGE][INFO] - Test Case: Test Cases/Step Definition/Feature Add Product/ADDP04 - Add Product Without Input Harga Produk Field | PASSED

2023-07-03 17:37:33 - [TEST_STEP][PASSED] - closeBrowser(): null

2023-07-03 17:37:33 - [TEST_STEP][PASSED] - closeBrowser(): Browser is closed

2023-07-03 17:37:34 - [MESSAGE][PASSED] - Browser is closed]]></system-out>
         <system-err><![CDATA[]]></system-err>
      </testcase>
      <testcase name="Test Cases/Step Definition/Feature Add Product/ADDP05 - Add Product Without Input Kategori Produk Field" time="26.539" classname="Test Cases/Step Definition/Feature Add Product/ADDP05 - Add Product Without Input Kategori Produk Field" status="PASSED">
         <system-out><![CDATA[2023-07-03 17:37:34 - [TEST_CASE][PASSED] - Test Cases/Step Definition/Feature Add Product/ADDP05 - Add Product Without Input Kategori Produk Field: Test Cases/Step Definition/Feature Add Product/ADDP05 - Add Product Without Input Kategori Produk Field

2023-07-03 17:37:34 - [TEST_STEP][PASSED] - Start listener action : BeforeTestCase: Current window maximized

2023-07-03 17:37:34 - [TEST_STEP][PASSED] - logInfo("Test Case: " + testCaseContext.getTestCaseId()): Test Case: Test Cases/Step Definition/Feature Add Product/ADDP05 - Add Product Without Input Kategori Produk Field

2023-07-03 17:37:34 - [MESSAGE][INFO] - Test Case: Test Cases/Step Definition/Feature Add Product/ADDP05 - Add Product Without Input Kategori Produk Field

2023-07-03 17:37:34 - [TEST_STEP][PASSED] - openBrowser(): null

2023-07-03 17:37:34 - [TEST_STEP][PASSED] - openBrowser("https://secondhand.binaracademy.org/"): Browser is opened with url: 'https://secondhand.binaracademy.org/'

2023-07-03 17:37:34 - [MESSAGE][INFO] - Starting 'Chrome' driver

2023-07-03 17:37:34 - [MESSAGE][INFO] - Action delay is set to 0 milliseconds

2023-07-03 17:37:36 - [MESSAGE][PASSED] - Browser is opened with url: 'https://secondhand.binaracademy.org/'

2023-07-03 17:37:36 - [TEST_STEP][PASSED] - maximizeWindow(): Current window maximized

2023-07-03 17:37:36 - [MESSAGE][PASSED] - Current window maximized

2023-07-03 17:37:37 - [TEST_STEP][PASSED] - callTestCase(findTestCase("Pages/Homepage/Click Masuk from homepage"), [:], STOP_ON_FAILURE): Call Test Case 'Test Cases/Pages/Homepage/Click Masuk from homepage' successfully

2023-07-03 17:37:37 - [TEST_CASE][PASSED] - Test Cases/Pages/Homepage/Click Masuk from homepage: Test Cases/Pages/Homepage/Click Masuk from homepage

2023-07-03 17:37:37 - [TEST_STEP][PASSED] - click(findTestObject("Navbar/a_Masuk")): Object: 'Object Repository/Navbar/a_Masuk' is clicked on

2023-07-03 17:37:37 - [MESSAGE][PASSED] - Object: 'Object Repository/Navbar/a_Masuk' is clicked on

2023-07-03 17:37:37 - [MESSAGE][PASSED] - Call Test Case 'Test Cases/Pages/Homepage/Click Masuk from homepage' successfully

2023-07-03 17:37:37 - [TEST_STEP][PASSED] - callTestCase(findTestCase("Pages/Login/Input Email"), ["email":"prabotanpreloved@mytestmail.net"], STOP_ON_FAILURE): Call Test Case 'Test Cases/Pages/Login/Input Email' successfully

2023-07-03 17:37:37 - [TEST_CASE][PASSED] - Test Cases/Pages/Login/Input Email: Test Cases/Pages/Login/Input Email

2023-07-03 17:37:37 - [TEST_STEP][PASSED] - setText(findTestObject("Login/input_Email"), email): Text 'prabotanpreloved@mytestmail.net' is set on object 'Object Repository/Login/input_Email'

2023-07-03 17:37:38 - [MESSAGE][PASSED] - Text 'prabotanpreloved@mytestmail.net' is set on object 'Object Repository/Login/input_Email'

2023-07-03 17:37:38 - [MESSAGE][PASSED] - Call Test Case 'Test Cases/Pages/Login/Input Email' successfully

2023-07-03 17:37:38 - [TEST_STEP][PASSED] - callTestCase(findTestCase("Pages/Login/Input Password"), ["password":"a1b2c3d4"], STOP_ON_FAILURE): Call Test Case 'Test Cases/Pages/Login/Input Password' successfully

2023-07-03 17:37:38 - [TEST_CASE][PASSED] - Test Cases/Pages/Login/Input Password: Test Cases/Pages/Login/Input Password

2023-07-03 17:37:38 - [TEST_STEP][PASSED] - setText(findTestObject("Login/input_Password"), password): Text 'a1b2c3d4' is set on object 'Object Repository/Login/input_Password'

2023-07-03 17:37:39 - [MESSAGE][PASSED] - Text 'a1b2c3d4' is set on object 'Object Repository/Login/input_Password'

2023-07-03 17:37:39 - [MESSAGE][PASSED] - Call Test Case 'Test Cases/Pages/Login/Input Password' successfully

2023-07-03 17:37:39 - [TEST_STEP][PASSED] - callTestCase(findTestCase("Pages/Login/Click Button Masuk"), [:], STOP_ON_FAILURE): Call Test Case 'Test Cases/Pages/Login/Click Button Masuk' successfully

2023-07-03 17:37:39 - [TEST_CASE][PASSED] - Test Cases/Pages/Login/Click Button Masuk: Test Cases/Pages/Login/Click Button Masuk

2023-07-03 17:37:39 - [TEST_STEP][PASSED] - click(findTestObject("Login/button_Masuk")): Object: 'Object Repository/Login/button_Masuk' is clicked on

2023-07-03 17:37:39 - [MESSAGE][PASSED] - Object: 'Object Repository/Login/button_Masuk' is clicked on

2023-07-03 17:37:39 - [TEST_STEP][PASSED] - waitForPageLoad(5): Wait for page load successfully

2023-07-03 17:37:39 - [MESSAGE][PASSED] - Wait for page load successfully

2023-07-03 17:37:39 - [MESSAGE][PASSED] - Call Test Case 'Test Cases/Pages/Login/Click Button Masuk' successfully

2023-07-03 17:37:39 - [TEST_STEP][PASSED] - callTestCase(findTestCase("Pages/Homepage/Click Jual Floating Button"), [:], STOP_ON_FAILURE): Call Test Case 'Test Cases/Pages/Homepage/Click Jual Floating Button' successfully

2023-07-03 17:37:39 - [TEST_CASE][PASSED] - Test Cases/Pages/Homepage/Click Jual Floating Button: Test Cases/Pages/Homepage/Click Jual Floating Button

2023-07-03 17:37:39 - [TEST_STEP][PASSED] - click(findTestObject("Homepage/a_Button Jual")): Object: 'Object Repository/Homepage/a_Button Jual' is clicked on

2023-07-03 17:37:41 - [MESSAGE][PASSED] - Object: 'Object Repository/Homepage/a_Button Jual' is clicked on

2023-07-03 17:37:41 - [MESSAGE][PASSED] - Call Test Case 'Test Cases/Pages/Homepage/Click Jual Floating Button' successfully

2023-07-03 17:37:41 - [TEST_STEP][PASSED] - callTestCase(findTestCase("Pages/Add Product/Verify Add Product Form"), [:], STOP_ON_FAILURE): Call Test Case 'Test Cases/Pages/Add Product/Verify Add Product Form' successfully

2023-07-03 17:37:41 - [TEST_CASE][PASSED] - Test Cases/Pages/Add Product/Verify Add Product Form: Test Cases/Pages/Add Product/Verify Add Product Form

2023-07-03 17:37:41 - [TEST_STEP][PASSED] - verifyElementPresent(findTestObject("Products/Add Product Page/input_Nama Produk"), 0): Object 'Object Repository/Products/Add Product Page/input_Nama Produk' is present

2023-07-03 17:37:41 - [MESSAGE][WARNING] - Timeout '0' is invalid. Using default page load timeout: '30'

2023-07-03 17:37:42 - [MESSAGE][PASSED] - Object 'Object Repository/Products/Add Product Page/input_Nama Produk' is present

2023-07-03 17:37:42 - [TEST_STEP][PASSED] - verifyElementPresent(findTestObject("Products/Add Product Page/input_Harga Produk"), 0): Object 'Object Repository/Products/Add Product Page/input_Harga Produk' is present

2023-07-03 17:37:42 - [MESSAGE][WARNING] - Timeout '0' is invalid. Using default page load timeout: '30'

2023-07-03 17:37:42 - [MESSAGE][PASSED] - Object 'Object Repository/Products/Add Product Page/input_Harga Produk' is present

2023-07-03 17:37:42 - [TEST_STEP][PASSED] - verifyElementPresent(findTestObject("Products/Add Product Page/select_Kategori"), 0): Object 'Object Repository/Products/Add Product Page/select_Kategori' is present

2023-07-03 17:37:42 - [MESSAGE][WARNING] - Timeout '0' is invalid. Using default page load timeout: '30'

2023-07-03 17:37:42 - [MESSAGE][PASSED] - Object 'Object Repository/Products/Add Product Page/select_Kategori' is present

2023-07-03 17:37:42 - [TEST_STEP][PASSED] - verifyElementPresent(findTestObject("Products/Add Product Page/textarea_Deskripsi"), 0): Object 'Object Repository/Products/Add Product Page/textarea_Deskripsi' is present

2023-07-03 17:37:42 - [MESSAGE][WARNING] - Timeout '0' is invalid. Using default page load timeout: '30'

2023-07-03 17:37:42 - [MESSAGE][PASSED] - Object 'Object Repository/Products/Add Product Page/textarea_Deskripsi' is present

2023-07-03 17:37:42 - [TEST_STEP][PASSED] - verifyElementPresent(findTestObject("Products/Add Product Page/input_Gambar Produk"), 0): Object 'Object Repository/Products/Add Product Page/input_Gambar Produk' is present

2023-07-03 17:37:43 - [MESSAGE][WARNING] - Timeout '0' is invalid. Using default page load timeout: '30'

2023-07-03 17:37:43 - [MESSAGE][PASSED] - Object 'Object Repository/Products/Add Product Page/input_Gambar Produk' is present

2023-07-03 17:37:43 - [TEST_STEP][PASSED] - verifyElementPresent(findTestObject("Products/Add Product Page/label_Button Terbitkan"), 0): Object 'Object Repository/Products/Add Product Page/label_Button Terbitkan' is present

2023-07-03 17:37:43 - [MESSAGE][WARNING] - Timeout '0' is invalid. Using default page load timeout: '30'

2023-07-03 17:37:43 - [MESSAGE][PASSED] - Object 'Object Repository/Products/Add Product Page/label_Button Terbitkan' is present

2023-07-03 17:37:43 - [MESSAGE][PASSED] - Call Test Case 'Test Cases/Pages/Add Product/Verify Add Product Form' successfully

2023-07-03 17:37:43 - [TEST_STEP][PASSED] - callTestCase(findTestCase("Pages/Add Product/Input Nama Produk"), ["namaProduk":"Produk A"], STOP_ON_FAILURE): Call Test Case 'Test Cases/Pages/Add Product/Input Nama Produk' successfully

2023-07-03 17:37:43 - [TEST_CASE][PASSED] - Test Cases/Pages/Add Product/Input Nama Produk: Test Cases/Pages/Add Product/Input Nama Produk

2023-07-03 17:37:43 - [TEST_STEP][PASSED] - setText(findTestObject("Products/Add Product Page/input_Nama Produk"), namaProduk): Text 'Produk A' is set on object 'Object Repository/Products/Add Product Page/input_Nama Produk'

2023-07-03 17:37:44 - [MESSAGE][PASSED] - Text 'Produk A' is set on object 'Object Repository/Products/Add Product Page/input_Nama Produk'

2023-07-03 17:37:44 - [MESSAGE][PASSED] - Call Test Case 'Test Cases/Pages/Add Product/Input Nama Produk' successfully

2023-07-03 17:37:44 - [TEST_STEP][PASSED] - callTestCase(findTestCase("Pages/Add Product/Input Harga Produk"), ["hargaProduk":"100000"], STOP_ON_FAILURE): Call Test Case 'Test Cases/Pages/Add Product/Input Harga Produk' successfully

2023-07-03 17:37:44 - [TEST_CASE][PASSED] - Test Cases/Pages/Add Product/Input Harga Produk: Test Cases/Pages/Add Product/Input Harga Produk

2023-07-03 17:37:44 - [TEST_STEP][PASSED] - setText(findTestObject("Products/Add Product Page/input_Harga Produk"), hargaProduk): Text '100000' is set on object 'Object Repository/Products/Add Product Page/input_Harga Produk'

2023-07-03 17:37:45 - [MESSAGE][PASSED] - Text '100000' is set on object 'Object Repository/Products/Add Product Page/input_Harga Produk'

2023-07-03 17:37:45 - [MESSAGE][PASSED] - Call Test Case 'Test Cases/Pages/Add Product/Input Harga Produk' successfully

2023-07-03 17:37:45 - [TEST_STEP][PASSED] - callTestCase(findTestCase("Pages/Add Product/Input Deskripsi Produk"), ["deskripsiProduk":"Deskripsi Produk A"], STOP_ON_FAILURE): Call Test Case 'Test Cases/Pages/Add Product/Input Deskripsi Produk' successfully

2023-07-03 17:37:45 - [TEST_CASE][PASSED] - Test Cases/Pages/Add Product/Input Deskripsi Produk: Test Cases/Pages/Add Product/Input Deskripsi Produk

2023-07-03 17:37:45 - [TEST_STEP][PASSED] - setText(findTestObject("Products/Add Product Page/textarea_Deskripsi"), deskripsiProduk): Text 'Deskripsi Produk A' is set on object 'Object Repository/Products/Add Product Page/textarea_Deskripsi'

2023-07-03 17:37:45 - [MESSAGE][PASSED] - Text 'Deskripsi Produk A' is set on object 'Object Repository/Products/Add Product Page/textarea_Deskripsi'

2023-07-03 17:37:45 - [MESSAGE][PASSED] - Call Test Case 'Test Cases/Pages/Add Product/Input Deskripsi Produk' successfully

2023-07-03 17:37:45 - [TEST_STEP][PASSED] - callTestCase(findTestCase("Pages/Add Product/Input Gambar Produk"), ["pathToFile":System.getProperty("user.dir") + "\Data Files\ImageForTest\binar.jpg"], STOP_ON_FAILURE): Call Test Case 'Test Cases/Pages/Add Product/Input Gambar Produk' successfully

2023-07-03 17:37:45 - [TEST_CASE][PASSED] - Test Cases/Pages/Add Product/Input Gambar Produk: Test Cases/Pages/Add Product/Input Gambar Produk

2023-07-03 17:37:45 - [TEST_STEP][PASSED] - uploadFile(findTestObject("Products/Add Product Page/input_Gambar Produk"), pathToFile): File 'E:\GitRepo\Katalon\binarqa-group1-web\Data Files\ImageForTest\binar.jpg' sent to object: 'Object Repository/Products/Add Product Page/input_Gambar Produk'

2023-07-03 17:37:46 - [MESSAGE][PASSED] - File 'E:\GitRepo\Katalon\binarqa-group1-web\Data Files\ImageForTest\binar.jpg' sent to object: 'Object Repository/Products/Add Product Page/input_Gambar Produk'

2023-07-03 17:37:46 - [MESSAGE][PASSED] - Call Test Case 'Test Cases/Pages/Add Product/Input Gambar Produk' successfully

2023-07-03 17:37:46 - [TEST_STEP][PASSED] - callTestCase(findTestCase("Pages/Add Product/Click Terbitkan Button"), [:], STOP_ON_FAILURE): Call Test Case 'Test Cases/Pages/Add Product/Click Terbitkan Button' successfully

2023-07-03 17:37:46 - [TEST_CASE][PASSED] - Test Cases/Pages/Add Product/Click Terbitkan Button: Test Cases/Pages/Add Product/Click Terbitkan Button

2023-07-03 17:37:46 - [TEST_STEP][PASSED] - click(findTestObject("Products/Add Product Page/label_Button Terbitkan")): Object: 'Object Repository/Products/Add Product Page/label_Button Terbitkan' is clicked on

2023-07-03 17:37:59 - [MESSAGE][PASSED] - Object: 'Object Repository/Products/Add Product Page/label_Button Terbitkan' is clicked on

2023-07-03 17:37:59 - [MESSAGE][PASSED] - Call Test Case 'Test Cases/Pages/Add Product/Click Terbitkan Button' successfully

2023-07-03 17:37:59 - [TEST_STEP][PASSED] - callTestCase(findTestCase("Pages/Add Product/Verify Error Message/Verify Kategori Produk Error Message"), [:], STOP_ON_FAILURE): Call Test Case 'Test Cases/Pages/Add Product/Verify Error Message/Verify Kategori Produk Error Message' successfully

2023-07-03 17:37:59 - [TEST_CASE][PASSED] - Test Cases/Pages/Add Product/Verify Error Message/Verify Kategori Produk Error Message: Test Cases/Pages/Add Product/Verify Error Message/Verify Kategori Produk Error Message

2023-07-03 17:37:59 - [TEST_STEP][PASSED] - verifyElementVisible(findTestObject("Products/Add Product Page/Error Message/div_Category must exist")): Object 'Object Repository/Products/Add Product Page/Error Message/div_Category must exist' is visible

2023-07-03 17:37:59 - [MESSAGE][PASSED] - Object 'Object Repository/Products/Add Product Page/Error Message/div_Category must exist' is visible

2023-07-03 17:37:59 - [MESSAGE][PASSED] - Call Test Case 'Test Cases/Pages/Add Product/Verify Error Message/Verify Kategori Produk Error Message' successfully

2023-07-03 17:37:59 - [TEST_STEP][PASSED] - Start listener action : AfterTestCase: Browser is closed

2023-07-03 17:37:59 - [TEST_STEP][PASSED] - logInfo("Test Case: " + testCaseContext.getTestCaseId() + " | " + testCaseContext.getTestCaseStatus()): Test Case: Test Cases/Step Definition/Feature Add Product/ADDP05 - Add Product Without Input Kategori Produk Field | PASSED

2023-07-03 17:37:59 - [MESSAGE][INFO] - Test Case: Test Cases/Step Definition/Feature Add Product/ADDP05 - Add Product Without Input Kategori Produk Field | PASSED

2023-07-03 17:37:59 - [TEST_STEP][PASSED] - closeBrowser(): null

2023-07-03 17:37:59 - [TEST_STEP][PASSED] - closeBrowser(): Browser is closed

2023-07-03 17:38:00 - [MESSAGE][PASSED] - Browser is closed]]></system-out>
         <system-err><![CDATA[]]></system-err>
      </testcase>
      <testcase name="Test Cases/Step Definition/Feature Add Product/ADDP06 - Add Product Without Input Deskripsi Produk Field" time="16.313" classname="Test Cases/Step Definition/Feature Add Product/ADDP06 - Add Product Without Input Deskripsi Produk Field" status="PASSED">
         <system-out><![CDATA[2023-07-03 17:38:00 - [TEST_CASE][PASSED] - Test Cases/Step Definition/Feature Add Product/ADDP06 - Add Product Without Input Deskripsi Produk Field: Test Cases/Step Definition/Feature Add Product/ADDP06 - Add Product Without Input Deskripsi Produk Field

2023-07-03 17:38:00 - [TEST_STEP][PASSED] - Start listener action : BeforeTestCase: Current window maximized

2023-07-03 17:38:00 - [TEST_STEP][PASSED] - logInfo("Test Case: " + testCaseContext.getTestCaseId()): Test Case: Test Cases/Step Definition/Feature Add Product/ADDP06 - Add Product Without Input Deskripsi Produk Field

2023-07-03 17:38:00 - [MESSAGE][INFO] - Test Case: Test Cases/Step Definition/Feature Add Product/ADDP06 - Add Product Without Input Deskripsi Produk Field

2023-07-03 17:38:00 - [TEST_STEP][PASSED] - openBrowser(): null

2023-07-03 17:38:00 - [TEST_STEP][PASSED] - openBrowser("https://secondhand.binaracademy.org/"): Browser is opened with url: 'https://secondhand.binaracademy.org/'

2023-07-03 17:38:00 - [MESSAGE][INFO] - Starting 'Chrome' driver

2023-07-03 17:38:00 - [MESSAGE][INFO] - Action delay is set to 0 milliseconds

2023-07-03 17:38:03 - [MESSAGE][PASSED] - Browser is opened with url: 'https://secondhand.binaracademy.org/'

2023-07-03 17:38:03 - [TEST_STEP][PASSED] - maximizeWindow(): Current window maximized

2023-07-03 17:38:03 - [MESSAGE][PASSED] - Current window maximized

2023-07-03 17:38:03 - [TEST_STEP][PASSED] - callTestCase(findTestCase("Pages/Homepage/Click Masuk from homepage"), [:], STOP_ON_FAILURE): Call Test Case 'Test Cases/Pages/Homepage/Click Masuk from homepage' successfully

2023-07-03 17:38:03 - [TEST_CASE][PASSED] - Test Cases/Pages/Homepage/Click Masuk from homepage: Test Cases/Pages/Homepage/Click Masuk from homepage

2023-07-03 17:38:03 - [TEST_STEP][PASSED] - click(findTestObject("Navbar/a_Masuk")): Object: 'Object Repository/Navbar/a_Masuk' is clicked on

2023-07-03 17:38:03 - [MESSAGE][PASSED] - Object: 'Object Repository/Navbar/a_Masuk' is clicked on

2023-07-03 17:38:03 - [MESSAGE][PASSED] - Call Test Case 'Test Cases/Pages/Homepage/Click Masuk from homepage' successfully

2023-07-03 17:38:03 - [TEST_STEP][PASSED] - callTestCase(findTestCase("Pages/Login/Input Email"), ["email":"prabotanpreloved@mytestmail.net"], STOP_ON_FAILURE): Call Test Case 'Test Cases/Pages/Login/Input Email' successfully

2023-07-03 17:38:04 - [TEST_CASE][PASSED] - Test Cases/Pages/Login/Input Email: Test Cases/Pages/Login/Input Email

2023-07-03 17:38:04 - [TEST_STEP][PASSED] - setText(findTestObject("Login/input_Email"), email): Text 'prabotanpreloved@mytestmail.net' is set on object 'Object Repository/Login/input_Email'

2023-07-03 17:38:04 - [MESSAGE][PASSED] - Text 'prabotanpreloved@mytestmail.net' is set on object 'Object Repository/Login/input_Email'

2023-07-03 17:38:04 - [MESSAGE][PASSED] - Call Test Case 'Test Cases/Pages/Login/Input Email' successfully

2023-07-03 17:38:04 - [TEST_STEP][PASSED] - callTestCase(findTestCase("Pages/Login/Input Password"), ["password":"a1b2c3d4"], STOP_ON_FAILURE): Call Test Case 'Test Cases/Pages/Login/Input Password' successfully

2023-07-03 17:38:04 - [TEST_CASE][PASSED] - Test Cases/Pages/Login/Input Password: Test Cases/Pages/Login/Input Password

2023-07-03 17:38:04 - [TEST_STEP][PASSED] - setText(findTestObject("Login/input_Password"), password): Text 'a1b2c3d4' is set on object 'Object Repository/Login/input_Password'

2023-07-03 17:38:05 - [MESSAGE][PASSED] - Text 'a1b2c3d4' is set on object 'Object Repository/Login/input_Password'

2023-07-03 17:38:05 - [MESSAGE][PASSED] - Call Test Case 'Test Cases/Pages/Login/Input Password' successfully

2023-07-03 17:38:05 - [TEST_STEP][PASSED] - callTestCase(findTestCase("Pages/Login/Click Button Masuk"), [:], STOP_ON_FAILURE): Call Test Case 'Test Cases/Pages/Login/Click Button Masuk' successfully

2023-07-03 17:38:05 - [TEST_CASE][PASSED] - Test Cases/Pages/Login/Click Button Masuk: Test Cases/Pages/Login/Click Button Masuk

2023-07-03 17:38:05 - [TEST_STEP][PASSED] - click(findTestObject("Login/button_Masuk")): Object: 'Object Repository/Login/button_Masuk' is clicked on

2023-07-03 17:38:06 - [MESSAGE][PASSED] - Object: 'Object Repository/Login/button_Masuk' is clicked on

2023-07-03 17:38:06 - [TEST_STEP][PASSED] - waitForPageLoad(5): Wait for page load successfully

2023-07-03 17:38:06 - [MESSAGE][PASSED] - Wait for page load successfully

2023-07-03 17:38:06 - [MESSAGE][PASSED] - Call Test Case 'Test Cases/Pages/Login/Click Button Masuk' successfully

2023-07-03 17:38:06 - [TEST_STEP][PASSED] - callTestCase(findTestCase("Pages/Homepage/Click Jual Floating Button"), [:], STOP_ON_FAILURE): Call Test Case 'Test Cases/Pages/Homepage/Click Jual Floating Button' successfully

2023-07-03 17:38:06 - [TEST_CASE][PASSED] - Test Cases/Pages/Homepage/Click Jual Floating Button: Test Cases/Pages/Homepage/Click Jual Floating Button

2023-07-03 17:38:06 - [TEST_STEP][PASSED] - click(findTestObject("Homepage/a_Button Jual")): Object: 'Object Repository/Homepage/a_Button Jual' is clicked on

2023-07-03 17:38:07 - [MESSAGE][PASSED] - Object: 'Object Repository/Homepage/a_Button Jual' is clicked on

2023-07-03 17:38:07 - [MESSAGE][PASSED] - Call Test Case 'Test Cases/Pages/Homepage/Click Jual Floating Button' successfully

2023-07-03 17:38:07 - [TEST_STEP][PASSED] - callTestCase(findTestCase("Pages/Add Product/Verify Add Product Form"), [:], STOP_ON_FAILURE): Call Test Case 'Test Cases/Pages/Add Product/Verify Add Product Form' successfully

2023-07-03 17:38:07 - [TEST_CASE][PASSED] - Test Cases/Pages/Add Product/Verify Add Product Form: Test Cases/Pages/Add Product/Verify Add Product Form

2023-07-03 17:38:07 - [TEST_STEP][PASSED] - verifyElementPresent(findTestObject("Products/Add Product Page/input_Nama Produk"), 0): Object 'Object Repository/Products/Add Product Page/input_Nama Produk' is present

2023-07-03 17:38:07 - [MESSAGE][WARNING] - Timeout '0' is invalid. Using default page load timeout: '30'

2023-07-03 17:38:08 - [MESSAGE][PASSED] - Object 'Object Repository/Products/Add Product Page/input_Nama Produk' is present

2023-07-03 17:38:08 - [TEST_STEP][PASSED] - verifyElementPresent(findTestObject("Products/Add Product Page/input_Harga Produk"), 0): Object 'Object Repository/Products/Add Product Page/input_Harga Produk' is present

2023-07-03 17:38:08 - [MESSAGE][WARNING] - Timeout '0' is invalid. Using default page load timeout: '30'

2023-07-03 17:38:08 - [MESSAGE][PASSED] - Object 'Object Repository/Products/Add Product Page/input_Harga Produk' is present

2023-07-03 17:38:08 - [TEST_STEP][PASSED] - verifyElementPresent(findTestObject("Products/Add Product Page/select_Kategori"), 0): Object 'Object Repository/Products/Add Product Page/select_Kategori' is present

2023-07-03 17:38:08 - [MESSAGE][WARNING] - Timeout '0' is invalid. Using default page load timeout: '30'

2023-07-03 17:38:08 - [MESSAGE][PASSED] - Object 'Object Repository/Products/Add Product Page/select_Kategori' is present

2023-07-03 17:38:08 - [TEST_STEP][PASSED] - verifyElementPresent(findTestObject("Products/Add Product Page/textarea_Deskripsi"), 0): Object 'Object Repository/Products/Add Product Page/textarea_Deskripsi' is present

2023-07-03 17:38:08 - [MESSAGE][WARNING] - Timeout '0' is invalid. Using default page load timeout: '30'

2023-07-03 17:38:09 - [MESSAGE][PASSED] - Object 'Object Repository/Products/Add Product Page/textarea_Deskripsi' is present

2023-07-03 17:38:09 - [TEST_STEP][PASSED] - verifyElementPresent(findTestObject("Products/Add Product Page/input_Gambar Produk"), 0): Object 'Object Repository/Products/Add Product Page/input_Gambar Produk' is present

2023-07-03 17:38:09 - [MESSAGE][WARNING] - Timeout '0' is invalid. Using default page load timeout: '30'

2023-07-03 17:38:09 - [MESSAGE][PASSED] - Object 'Object Repository/Products/Add Product Page/input_Gambar Produk' is present

2023-07-03 17:38:09 - [TEST_STEP][PASSED] - verifyElementPresent(findTestObject("Products/Add Product Page/label_Button Terbitkan"), 0): Object 'Object Repository/Products/Add Product Page/label_Button Terbitkan' is present

2023-07-03 17:38:09 - [MESSAGE][WARNING] - Timeout '0' is invalid. Using default page load timeout: '30'

2023-07-03 17:38:09 - [MESSAGE][PASSED] - Object 'Object Repository/Products/Add Product Page/label_Button Terbitkan' is present

2023-07-03 17:38:09 - [MESSAGE][PASSED] - Call Test Case 'Test Cases/Pages/Add Product/Verify Add Product Form' successfully

2023-07-03 17:38:09 - [TEST_STEP][PASSED] - callTestCase(findTestCase("Pages/Add Product/Input Nama Produk"), ["namaProduk":"Produk A"], STOP_ON_FAILURE): Call Test Case 'Test Cases/Pages/Add Product/Input Nama Produk' successfully

2023-07-03 17:38:09 - [TEST_CASE][PASSED] - Test Cases/Pages/Add Product/Input Nama Produk: Test Cases/Pages/Add Product/Input Nama Produk

2023-07-03 17:38:09 - [TEST_STEP][PASSED] - setText(findTestObject("Products/Add Product Page/input_Nama Produk"), namaProduk): Text 'Produk A' is set on object 'Object Repository/Products/Add Product Page/input_Nama Produk'

2023-07-03 17:38:10 - [MESSAGE][PASSED] - Text 'Produk A' is set on object 'Object Repository/Products/Add Product Page/input_Nama Produk'

2023-07-03 17:38:10 - [MESSAGE][PASSED] - Call Test Case 'Test Cases/Pages/Add Product/Input Nama Produk' successfully

2023-07-03 17:38:10 - [TEST_STEP][PASSED] - callTestCase(findTestCase("Pages/Add Product/Input Harga Produk"), ["hargaProduk":"100000"], STOP_ON_FAILURE): Call Test Case 'Test Cases/Pages/Add Product/Input Harga Produk' successfully

2023-07-03 17:38:10 - [TEST_CASE][PASSED] - Test Cases/Pages/Add Product/Input Harga Produk: Test Cases/Pages/Add Product/Input Harga Produk

2023-07-03 17:38:10 - [TEST_STEP][PASSED] - setText(findTestObject("Products/Add Product Page/input_Harga Produk"), hargaProduk): Text '100000' is set on object 'Object Repository/Products/Add Product Page/input_Harga Produk'

2023-07-03 17:38:11 - [MESSAGE][PASSED] - Text '100000' is set on object 'Object Repository/Products/Add Product Page/input_Harga Produk'

2023-07-03 17:38:11 - [MESSAGE][PASSED] - Call Test Case 'Test Cases/Pages/Add Product/Input Harga Produk' successfully

2023-07-03 17:38:11 - [TEST_STEP][PASSED] - callTestCase(findTestCase("Pages/Add Product/Input Kategori Produk"), ["kategoriProduk":"Kesehatan"], STOP_ON_FAILURE): Call Test Case 'Test Cases/Pages/Add Product/Input Kategori Produk' successfully

2023-07-03 17:38:11 - [TEST_CASE][PASSED] - Test Cases/Pages/Add Product/Input Kategori Produk: Test Cases/Pages/Add Product/Input Kategori Produk

2023-07-03 17:38:11 - [TEST_STEP][PASSED] - selectOptionByLabel(findTestObject("Products/Add Product Page/select_Kategori"), kategoriProduk, false): All options with label 'Kesehatan' are selected in object 'Object Repository/Products/Add Product Page/select_Kategori' 

2023-07-03 17:38:11 - [MESSAGE][PASSED] - All options with label 'Kesehatan' are selected in object 'Object Repository/Products/Add Product Page/select_Kategori' 

2023-07-03 17:38:11 - [MESSAGE][PASSED] - Call Test Case 'Test Cases/Pages/Add Product/Input Kategori Produk' successfully

2023-07-03 17:38:11 - [TEST_STEP][PASSED] - callTestCase(findTestCase("Pages/Add Product/Input Gambar Produk"), ["pathToFile":System.getProperty("user.dir") + "\Data Files\ImageForTest\binar.jpg"], STOP_ON_FAILURE): Call Test Case 'Test Cases/Pages/Add Product/Input Gambar Produk' successfully

2023-07-03 17:38:11 - [TEST_CASE][PASSED] - Test Cases/Pages/Add Product/Input Gambar Produk: Test Cases/Pages/Add Product/Input Gambar Produk

2023-07-03 17:38:11 - [TEST_STEP][PASSED] - uploadFile(findTestObject("Products/Add Product Page/input_Gambar Produk"), pathToFile): File 'E:\GitRepo\Katalon\binarqa-group1-web\Data Files\ImageForTest\binar.jpg' sent to object: 'Object Repository/Products/Add Product Page/input_Gambar Produk'

2023-07-03 17:38:12 - [MESSAGE][PASSED] - File 'E:\GitRepo\Katalon\binarqa-group1-web\Data Files\ImageForTest\binar.jpg' sent to object: 'Object Repository/Products/Add Product Page/input_Gambar Produk'

2023-07-03 17:38:12 - [MESSAGE][PASSED] - Call Test Case 'Test Cases/Pages/Add Product/Input Gambar Produk' successfully

2023-07-03 17:38:12 - [TEST_STEP][PASSED] - callTestCase(findTestCase("Pages/Add Product/Click Terbitkan Button"), [:], STOP_ON_FAILURE): Call Test Case 'Test Cases/Pages/Add Product/Click Terbitkan Button' successfully

2023-07-03 17:38:12 - [TEST_CASE][PASSED] - Test Cases/Pages/Add Product/Click Terbitkan Button: Test Cases/Pages/Add Product/Click Terbitkan Button

2023-07-03 17:38:12 - [TEST_STEP][PASSED] - click(findTestObject("Products/Add Product Page/label_Button Terbitkan")): Object: 'Object Repository/Products/Add Product Page/label_Button Terbitkan' is clicked on

2023-07-03 17:38:15 - [MESSAGE][PASSED] - Object: 'Object Repository/Products/Add Product Page/label_Button Terbitkan' is clicked on

2023-07-03 17:38:15 - [MESSAGE][PASSED] - Call Test Case 'Test Cases/Pages/Add Product/Click Terbitkan Button' successfully

2023-07-03 17:38:15 - [TEST_STEP][PASSED] - callTestCase(findTestCase("Pages/Add Product/Verify Error Message/Verify Deskripsi Produk Blank Error Message"), [:], STOP_ON_FAILURE): Call Test Case 'Test Cases/Pages/Add Product/Verify Error Message/Verify Deskripsi Produk Blank Error Message' successfully

2023-07-03 17:38:15 - [TEST_CASE][PASSED] - Test Cases/Pages/Add Product/Verify Error Message/Verify Deskripsi Produk Blank Error Message: Test Cases/Pages/Add Product/Verify Error Message/Verify Deskripsi Produk Blank Error Message

2023-07-03 17:38:15 - [TEST_STEP][PASSED] - verifyElementVisible(findTestObject("Products/Add Product Page/Error Message/div_Description cant be blank")): Object 'Object Repository/Products/Add Product Page/Error Message/div_Description cant be blank' is visible

2023-07-03 17:38:16 - [MESSAGE][PASSED] - Object 'Object Repository/Products/Add Product Page/Error Message/div_Description cant be blank' is visible

2023-07-03 17:38:16 - [MESSAGE][PASSED] - Call Test Case 'Test Cases/Pages/Add Product/Verify Error Message/Verify Deskripsi Produk Blank Error Message' successfully

2023-07-03 17:38:16 - [TEST_STEP][PASSED] - Start listener action : AfterTestCase: Browser is closed

2023-07-03 17:38:16 - [TEST_STEP][PASSED] - logInfo("Test Case: " + testCaseContext.getTestCaseId() + " | " + testCaseContext.getTestCaseStatus()): Test Case: Test Cases/Step Definition/Feature Add Product/ADDP06 - Add Product Without Input Deskripsi Produk Field | PASSED

2023-07-03 17:38:16 - [MESSAGE][INFO] - Test Case: Test Cases/Step Definition/Feature Add Product/ADDP06 - Add Product Without Input Deskripsi Produk Field | PASSED

2023-07-03 17:38:16 - [TEST_STEP][PASSED] - closeBrowser(): null

2023-07-03 17:38:16 - [TEST_STEP][PASSED] - closeBrowser(): Browser is closed

2023-07-03 17:38:16 - [MESSAGE][PASSED] - Browser is closed]]></system-out>
         <system-err><![CDATA[]]></system-err>
      </testcase>
      <testcase name="Test Cases/Step Definition/Feature Add Product/ADDP07 - Add Product without input Gambar Produk field" time="47.225" classname="Test Cases/Step Definition/Feature Add Product/ADDP07 - Add Product without input Gambar Produk field" status="FAILED">
         <failure type="FAILED" message="Test Cases/Step Definition/Feature Add Product/ADDP07 - Add Product without input Gambar Produk field FAILED.
Reason:
com.kms.katalon.core.exception.StepFailedException: Call Test Case 'Test Cases/Pages/Add Product/Verify Error Message/Verify Gambar Produk Blank Error Message' failed
	at com.kms.katalon.core.keyword.builtin.CallTestCaseKeyword$_callTestCase_closure1.doCall(CallTestCaseKeyword.groovy:63)
	at com.kms.katalon.core.keyword.builtin.CallTestCaseKeyword$_callTestCase_closure1.call(CallTestCaseKeyword.groovy)
	at com.kms.katalon.core.keyword.internal.KeywordMain.runKeyword(KeywordMain.groovy:75)
	at com.kms.katalon.core.keyword.builtin.CallTestCaseKeyword.callTestCase(CallTestCaseKeyword.groovy:81)
	at com.kms.katalon.core.keyword.builtin.CallTestCaseKeyword.execute(CallTestCaseKeyword.groovy:44)
	at com.kms.katalon.core.keyword.internal.KeywordExecutor.executeKeywordForPlatform(KeywordExecutor.groovy:74)
	at com.kms.katalon.core.keyword.BuiltinKeywords.callTestCase(BuiltinKeywords.groovy:334)
	at ADDP07 - Add Product without input Gambar Produk field.run(ADDP07 - Add Product without input Gambar Produk field:43)
	at com.kms.katalon.core.main.ScriptEngine.run(ScriptEngine.java:194)
	at com.kms.katalon.core.main.ScriptEngine.runScriptAsRawText(ScriptEngine.java:119)
	at com.kms.katalon.core.main.TestCaseExecutor.runScript(TestCaseExecutor.java:448)
	at com.kms.katalon.core.main.TestCaseExecutor.doExecute(TestCaseExecutor.java:439)
	at com.kms.katalon.core.main.TestCaseExecutor.processExecutionPhase(TestCaseExecutor.java:418)
	at com.kms.katalon.core.main.TestCaseExecutor.accessMainPhase(TestCaseExecutor.java:410)
	at com.kms.katalon.core.main.TestCaseExecutor.execute(TestCaseExecutor.java:285)
	at com.kms.katalon.core.common.CommonExecutor.accessTestCaseMainPhase(CommonExecutor.java:65)
	at com.kms.katalon.core.main.TestSuiteExecutor.accessTestSuiteMainPhase(TestSuiteExecutor.java:148)
	at com.kms.katalon.core.main.TestSuiteExecutor.execute(TestSuiteExecutor.java:106)
	at com.kms.katalon.core.main.TestCaseMain.startTestSuite(TestCaseMain.java:187)
	at com.kms.katalon.core.main.TestCaseMain$startTestSuite$0.call(Unknown Source)
	at TempTestSuite1688380617485.run(TempTestSuite1688380617485.groovy:36)
Caused by: com.kms.katalon.core.exception.StepFailedException: Unable to verify object 'Object Repository/Products/Add Product Page/Error Message/div_Image cant be blank' is visible
	at com.kms.katalon.core.webui.keyword.internal.WebUIKeywordMain.stepFailed(WebUIKeywordMain.groovy:64)
	at com.kms.katalon.core.webui.keyword.internal.WebUIKeywordMain.runKeyword(WebUIKeywordMain.groovy:26)
	at com.kms.katalon.core.webui.keyword.builtin.VerifyElementVisibleKeyword.verifyElementVisible(VerifyElementVisibleKeyword.groovy:97)
	at com.kms.katalon.core.webui.keyword.builtin.VerifyElementVisibleKeyword.execute(VerifyElementVisibleKeyword.groovy:67)
	at com.kms.katalon.core.keyword.internal.KeywordExecutor.executeKeywordForPlatform(KeywordExecutor.groovy:74)
	at com.kms.katalon.core.webui.keyword.WebUiBuiltInKeywords.verifyElementVisible(WebUiBuiltInKeywords.groovy:376)
	at com.kms.katalon.core.webui.keyword.WebUiBuiltInKeywords$verifyElementVisible$7.call(Unknown Source)
	at Verify Gambar Produk Blank Error Message.run(Verify Gambar Produk Blank Error Message:20)
	at com.kms.katalon.core.main.ScriptEngine.run(ScriptEngine.java:194)
	at com.kms.katalon.core.main.ScriptEngine.runScriptAsRawText(ScriptEngine.java:119)
	at com.kms.katalon.core.main.TestCaseExecutor.runScript(TestCaseExecutor.java:448)
	at com.kms.katalon.core.main.TestCaseExecutor.doExecute(TestCaseExecutor.java:439)
	at com.kms.katalon.core.main.TestCaseExecutor.processExecutionPhase(TestCaseExecutor.java:418)
	at com.kms.katalon.core.main.TestCaseExecutor.accessMainPhase(TestCaseExecutor.java:410)
	at com.kms.katalon.core.main.TestCaseExecutor.execute(TestCaseExecutor.java:285)
	at com.kms.katalon.core.main.TestCaseMain.runTestCase(TestCaseMain.java:144)
	at com.kms.katalon.core.keyword.builtin.CallTestCaseKeyword$_callTestCase_closure1.doCall(CallTestCaseKeyword.groovy:59)
	... 20 more
Caused by: com.kms.katalon.core.exception.StepFailedException: Web element with id: 'Object Repository/Products/Add Product Page/Error Message/div_Image cant be blank' located by '//div[@class = 'form-text text-danger' and (contains(text(), concat(&quot;Image can&quot; , &quot;'&quot; , &quot;t be blank&quot;)) or contains(., concat(&quot;Image can&quot; , &quot;'&quot; , &quot;t be blank&quot;)))]' not found
	at com.kms.katalon.core.webui.keyword.internal.WebUIKeywordMain.stepFailed(WebUIKeywordMain.groovy:64)
	at com.kms.katalon.core.webui.keyword.builtin.VerifyElementVisibleKeyword$_verifyElementVisible_closure1.doCall(VerifyElementVisibleKeyword.groovy:89)
	at com.kms.katalon.core.webui.keyword.builtin.VerifyElementVisibleKeyword$_verifyElementVisible_closure1.call(VerifyElementVisibleKeyword.groovy)
	at com.kms.katalon.core.webui.keyword.internal.WebUIKeywordMain.runKeyword(WebUIKeywordMain.groovy:20)
	... 35 more
"/>
         <system-out><![CDATA[2023-07-03 17:38:16 - [TEST_CASE][FAILED] - Test Cases/Step Definition/Feature Add Product/ADDP07 - Add Product without input Gambar Produk field: Test Cases/Step Definition/Feature Add Product/ADDP07 - Add Product without input Gambar Produk field FAILED.
Reason:
com.kms.katalon.core.exception.StepFailedException: Call Test Case 'Test Cases/Pages/Add Product/Verify Error Message/Verify Gambar Produk Blank Error Message' failed
	at com.kms.katalon.core.keyword.builtin.CallTestCaseKeyword$_callTestCase_closure1.doCall(CallTestCaseKeyword.groovy:63)
	at com.kms.katalon.core.keyword.builtin.CallTestCaseKeyword$_callTestCase_closure1.call(CallTestCaseKeyword.groovy)
	at com.kms.katalon.core.keyword.internal.KeywordMain.runKeyword(KeywordMain.groovy:75)
	at com.kms.katalon.core.keyword.builtin.CallTestCaseKeyword.callTestCase(CallTestCaseKeyword.groovy:81)
	at com.kms.katalon.core.keyword.builtin.CallTestCaseKeyword.execute(CallTestCaseKeyword.groovy:44)
	at com.kms.katalon.core.keyword.internal.KeywordExecutor.executeKeywordForPlatform(KeywordExecutor.groovy:74)
	at com.kms.katalon.core.keyword.BuiltinKeywords.callTestCase(BuiltinKeywords.groovy:334)
	at ADDP07 - Add Product without input Gambar Produk field.run(ADDP07 - Add Product without input Gambar Produk field:43)
	at com.kms.katalon.core.main.ScriptEngine.run(ScriptEngine.java:194)
	at com.kms.katalon.core.main.ScriptEngine.runScriptAsRawText(ScriptEngine.java:119)
	at com.kms.katalon.core.main.TestCaseExecutor.runScript(TestCaseExecutor.java:448)
	at com.kms.katalon.core.main.TestCaseExecutor.doExecute(TestCaseExecutor.java:439)
	at com.kms.katalon.core.main.TestCaseExecutor.processExecutionPhase(TestCaseExecutor.java:418)
	at com.kms.katalon.core.main.TestCaseExecutor.accessMainPhase(TestCaseExecutor.java:410)
	at com.kms.katalon.core.main.TestCaseExecutor.execute(TestCaseExecutor.java:285)
	at com.kms.katalon.core.common.CommonExecutor.accessTestCaseMainPhase(CommonExecutor.java:65)
	at com.kms.katalon.core.main.TestSuiteExecutor.accessTestSuiteMainPhase(TestSuiteExecutor.java:148)
	at com.kms.katalon.core.main.TestSuiteExecutor.execute(TestSuiteExecutor.java:106)
	at com.kms.katalon.core.main.TestCaseMain.startTestSuite(TestCaseMain.java:187)
	at com.kms.katalon.core.main.TestCaseMain$startTestSuite$0.call(Unknown Source)
	at TempTestSuite1688380617485.run(TempTestSuite1688380617485.groovy:36)
Caused by: com.kms.katalon.core.exception.StepFailedException: Unable to verify object 'Object Repository/Products/Add Product Page/Error Message/div_Image cant be blank' is visible
	at com.kms.katalon.core.webui.keyword.internal.WebUIKeywordMain.stepFailed(WebUIKeywordMain.groovy:64)
	at com.kms.katalon.core.webui.keyword.internal.WebUIKeywordMain.runKeyword(WebUIKeywordMain.groovy:26)
	at com.kms.katalon.core.webui.keyword.builtin.VerifyElementVisibleKeyword.verifyElementVisible(VerifyElementVisibleKeyword.groovy:97)
	at com.kms.katalon.core.webui.keyword.builtin.VerifyElementVisibleKeyword.execute(VerifyElementVisibleKeyword.groovy:67)
	at com.kms.katalon.core.keyword.internal.KeywordExecutor.executeKeywordForPlatform(KeywordExecutor.groovy:74)
	at com.kms.katalon.core.webui.keyword.WebUiBuiltInKeywords.verifyElementVisible(WebUiBuiltInKeywords.groovy:376)
	at com.kms.katalon.core.webui.keyword.WebUiBuiltInKeywords$verifyElementVisible$7.call(Unknown Source)
	at Verify Gambar Produk Blank Error Message.run(Verify Gambar Produk Blank Error Message:20)
	at com.kms.katalon.core.main.ScriptEngine.run(ScriptEngine.java:194)
	at com.kms.katalon.core.main.ScriptEngine.runScriptAsRawText(ScriptEngine.java:119)
	at com.kms.katalon.core.main.TestCaseExecutor.runScript(TestCaseExecutor.java:448)
	at com.kms.katalon.core.main.TestCaseExecutor.doExecute(TestCaseExecutor.java:439)
	at com.kms.katalon.core.main.TestCaseExecutor.processExecutionPhase(TestCaseExecutor.java:418)
	at com.kms.katalon.core.main.TestCaseExecutor.accessMainPhase(TestCaseExecutor.java:410)
	at com.kms.katalon.core.main.TestCaseExecutor.execute(TestCaseExecutor.java:285)
	at com.kms.katalon.core.main.TestCaseMain.runTestCase(TestCaseMain.java:144)
	at com.kms.katalon.core.keyword.builtin.CallTestCaseKeyword$_callTestCase_closure1.doCall(CallTestCaseKeyword.groovy:59)
	... 20 more
Caused by: com.kms.katalon.core.exception.StepFailedException: Web element with id: 'Object Repository/Products/Add Product Page/Error Message/div_Image cant be blank' located by '//div[@class = 'form-text text-danger' and (contains(text(), concat("Image can" , "'" , "t be blank")) or contains(., concat("Image can" , "'" , "t be blank")))]' not found
	at com.kms.katalon.core.webui.keyword.internal.WebUIKeywordMain.stepFailed(WebUIKeywordMain.groovy:64)
	at com.kms.katalon.core.webui.keyword.builtin.VerifyElementVisibleKeyword$_verifyElementVisible_closure1.doCall(VerifyElementVisibleKeyword.groovy:89)
	at com.kms.katalon.core.webui.keyword.builtin.VerifyElementVisibleKeyword$_verifyElementVisible_closure1.call(VerifyElementVisibleKeyword.groovy)
	at com.kms.katalon.core.webui.keyword.internal.WebUIKeywordMain.runKeyword(WebUIKeywordMain.groovy:20)
	... 35 more


2023-07-03 17:38:16 - [TEST_STEP][PASSED] - Start listener action : BeforeTestCase: Current window maximized

2023-07-03 17:38:16 - [TEST_STEP][PASSED] - logInfo("Test Case: " + testCaseContext.getTestCaseId()): Test Case: Test Cases/Step Definition/Feature Add Product/ADDP07 - Add Product without input Gambar Produk field

2023-07-03 17:38:16 - [MESSAGE][INFO] - Test Case: Test Cases/Step Definition/Feature Add Product/ADDP07 - Add Product without input Gambar Produk field

2023-07-03 17:38:16 - [TEST_STEP][PASSED] - openBrowser(): null

2023-07-03 17:38:16 - [TEST_STEP][PASSED] - openBrowser("https://secondhand.binaracademy.org/"): Browser is opened with url: 'https://secondhand.binaracademy.org/'

2023-07-03 17:38:16 - [MESSAGE][INFO] - Starting 'Chrome' driver

2023-07-03 17:38:16 - [MESSAGE][INFO] - Action delay is set to 0 milliseconds

2023-07-03 17:38:19 - [MESSAGE][PASSED] - Browser is opened with url: 'https://secondhand.binaracademy.org/'

2023-07-03 17:38:19 - [TEST_STEP][PASSED] - maximizeWindow(): Current window maximized

2023-07-03 17:38:19 - [MESSAGE][PASSED] - Current window maximized

2023-07-03 17:38:19 - [TEST_STEP][PASSED] - callTestCase(findTestCase("Pages/Homepage/Click Masuk from homepage"), [:], STOP_ON_FAILURE): Call Test Case 'Test Cases/Pages/Homepage/Click Masuk from homepage' successfully

2023-07-03 17:38:19 - [TEST_CASE][PASSED] - Test Cases/Pages/Homepage/Click Masuk from homepage: Test Cases/Pages/Homepage/Click Masuk from homepage

2023-07-03 17:38:19 - [TEST_STEP][PASSED] - click(findTestObject("Navbar/a_Masuk")): Object: 'Object Repository/Navbar/a_Masuk' is clicked on

2023-07-03 17:38:19 - [MESSAGE][PASSED] - Object: 'Object Repository/Navbar/a_Masuk' is clicked on

2023-07-03 17:38:19 - [MESSAGE][PASSED] - Call Test Case 'Test Cases/Pages/Homepage/Click Masuk from homepage' successfully

2023-07-03 17:38:19 - [TEST_STEP][PASSED] - callTestCase(findTestCase("Pages/Login/Input Email"), ["email":"prabotanpreloved@mytestmail.net"], STOP_ON_FAILURE): Call Test Case 'Test Cases/Pages/Login/Input Email' successfully

2023-07-03 17:38:20 - [TEST_CASE][PASSED] - Test Cases/Pages/Login/Input Email: Test Cases/Pages/Login/Input Email

2023-07-03 17:38:20 - [TEST_STEP][PASSED] - setText(findTestObject("Login/input_Email"), email): Text 'prabotanpreloved@mytestmail.net' is set on object 'Object Repository/Login/input_Email'

2023-07-03 17:38:20 - [MESSAGE][PASSED] - Text 'prabotanpreloved@mytestmail.net' is set on object 'Object Repository/Login/input_Email'

2023-07-03 17:38:20 - [MESSAGE][PASSED] - Call Test Case 'Test Cases/Pages/Login/Input Email' successfully

2023-07-03 17:38:20 - [TEST_STEP][PASSED] - callTestCase(findTestCase("Pages/Login/Input Password"), ["password":"a1b2c3d4"], STOP_ON_FAILURE): Call Test Case 'Test Cases/Pages/Login/Input Password' successfully

2023-07-03 17:38:21 - [TEST_CASE][PASSED] - Test Cases/Pages/Login/Input Password: Test Cases/Pages/Login/Input Password

2023-07-03 17:38:21 - [TEST_STEP][PASSED] - setText(findTestObject("Login/input_Password"), password): Text 'a1b2c3d4' is set on object 'Object Repository/Login/input_Password'

2023-07-03 17:38:21 - [MESSAGE][PASSED] - Text 'a1b2c3d4' is set on object 'Object Repository/Login/input_Password'

2023-07-03 17:38:21 - [MESSAGE][PASSED] - Call Test Case 'Test Cases/Pages/Login/Input Password' successfully

2023-07-03 17:38:21 - [TEST_STEP][PASSED] - callTestCase(findTestCase("Pages/Login/Click Button Masuk"), [:], STOP_ON_FAILURE): Call Test Case 'Test Cases/Pages/Login/Click Button Masuk' successfully

2023-07-03 17:38:21 - [TEST_CASE][PASSED] - Test Cases/Pages/Login/Click Button Masuk: Test Cases/Pages/Login/Click Button Masuk

2023-07-03 17:38:21 - [TEST_STEP][PASSED] - click(findTestObject("Login/button_Masuk")): Object: 'Object Repository/Login/button_Masuk' is clicked on

2023-07-03 17:38:22 - [MESSAGE][PASSED] - Object: 'Object Repository/Login/button_Masuk' is clicked on

2023-07-03 17:38:22 - [TEST_STEP][PASSED] - waitForPageLoad(5): Wait for page load successfully

2023-07-03 17:38:22 - [MESSAGE][PASSED] - Wait for page load successfully

2023-07-03 17:38:22 - [MESSAGE][PASSED] - Call Test Case 'Test Cases/Pages/Login/Click Button Masuk' successfully

2023-07-03 17:38:22 - [TEST_STEP][PASSED] - callTestCase(findTestCase("Pages/Homepage/Click Jual Floating Button"), [:], STOP_ON_FAILURE): Call Test Case 'Test Cases/Pages/Homepage/Click Jual Floating Button' successfully

2023-07-03 17:38:22 - [TEST_CASE][PASSED] - Test Cases/Pages/Homepage/Click Jual Floating Button: Test Cases/Pages/Homepage/Click Jual Floating Button

2023-07-03 17:38:22 - [TEST_STEP][PASSED] - click(findTestObject("Homepage/a_Button Jual")): Object: 'Object Repository/Homepage/a_Button Jual' is clicked on

2023-07-03 17:38:23 - [MESSAGE][PASSED] - Object: 'Object Repository/Homepage/a_Button Jual' is clicked on

2023-07-03 17:38:23 - [MESSAGE][PASSED] - Call Test Case 'Test Cases/Pages/Homepage/Click Jual Floating Button' successfully

2023-07-03 17:38:23 - [TEST_STEP][PASSED] - callTestCase(findTestCase("Pages/Add Product/Verify Add Product Form"), [:], STOP_ON_FAILURE): Call Test Case 'Test Cases/Pages/Add Product/Verify Add Product Form' successfully

2023-07-03 17:38:23 - [TEST_CASE][PASSED] - Test Cases/Pages/Add Product/Verify Add Product Form: Test Cases/Pages/Add Product/Verify Add Product Form

2023-07-03 17:38:23 - [TEST_STEP][PASSED] - verifyElementPresent(findTestObject("Products/Add Product Page/input_Nama Produk"), 0): Object 'Object Repository/Products/Add Product Page/input_Nama Produk' is present

2023-07-03 17:38:23 - [MESSAGE][WARNING] - Timeout '0' is invalid. Using default page load timeout: '30'

2023-07-03 17:38:24 - [MESSAGE][PASSED] - Object 'Object Repository/Products/Add Product Page/input_Nama Produk' is present

2023-07-03 17:38:24 - [TEST_STEP][PASSED] - verifyElementPresent(findTestObject("Products/Add Product Page/input_Harga Produk"), 0): Object 'Object Repository/Products/Add Product Page/input_Harga Produk' is present

2023-07-03 17:38:24 - [MESSAGE][WARNING] - Timeout '0' is invalid. Using default page load timeout: '30'

2023-07-03 17:38:24 - [MESSAGE][PASSED] - Object 'Object Repository/Products/Add Product Page/input_Harga Produk' is present

2023-07-03 17:38:24 - [TEST_STEP][PASSED] - verifyElementPresent(findTestObject("Products/Add Product Page/select_Kategori"), 0): Object 'Object Repository/Products/Add Product Page/select_Kategori' is present

2023-07-03 17:38:24 - [MESSAGE][WARNING] - Timeout '0' is invalid. Using default page load timeout: '30'

2023-07-03 17:38:25 - [MESSAGE][PASSED] - Object 'Object Repository/Products/Add Product Page/select_Kategori' is present

2023-07-03 17:38:25 - [TEST_STEP][PASSED] - verifyElementPresent(findTestObject("Products/Add Product Page/textarea_Deskripsi"), 0): Object 'Object Repository/Products/Add Product Page/textarea_Deskripsi' is present

2023-07-03 17:38:25 - [MESSAGE][WARNING] - Timeout '0' is invalid. Using default page load timeout: '30'

2023-07-03 17:38:25 - [MESSAGE][PASSED] - Object 'Object Repository/Products/Add Product Page/textarea_Deskripsi' is present

2023-07-03 17:38:25 - [TEST_STEP][PASSED] - verifyElementPresent(findTestObject("Products/Add Product Page/input_Gambar Produk"), 0): Object 'Object Repository/Products/Add Product Page/input_Gambar Produk' is present

2023-07-03 17:38:25 - [MESSAGE][WARNING] - Timeout '0' is invalid. Using default page load timeout: '30'

2023-07-03 17:38:25 - [MESSAGE][PASSED] - Object 'Object Repository/Products/Add Product Page/input_Gambar Produk' is present

2023-07-03 17:38:25 - [TEST_STEP][PASSED] - verifyElementPresent(findTestObject("Products/Add Product Page/label_Button Terbitkan"), 0): Object 'Object Repository/Products/Add Product Page/label_Button Terbitkan' is present

[...]
	at com.kms.katalon.core.main.TestCaseExecutor.doExecute(TestCaseExecutor.java:439)
	at com.kms.katalon.core.main.TestCaseExecutor.processExecutionPhase(TestCaseExecutor.java:418)
	at com.kms.katalon.core.main.TestCaseExecutor.accessMainPhase(TestCaseExecutor.java:410)
	at com.kms.katalon.core.main.TestCaseExecutor.execute(TestCaseExecutor.java:285)
	at com.kms.katalon.core.common.CommonExecutor.accessTestCaseMainPhase(CommonExecutor.java:65)
	at com.kms.katalon.core.main.TestSuiteExecutor.accessTestSuiteMainPhase(TestSuiteExecutor.java:148)
	at com.kms.katalon.core.main.TestSuiteExecutor.execute(TestSuiteExecutor.java:106)
	at com.kms.katalon.core.main.TestCaseMain.startTestSuite(TestCaseMain.java:187)
	at com.kms.katalon.core.main.TestCaseMain$startTestSuite$0.call(Unknown Source)
	at TempTestSuite1688380617485.run(TempTestSuite1688380617485.groovy:36)
Caused by: com.kms.katalon.core.exception.StepFailedException: Unable to verify object 'Object Repository/Products/Add Product Page/Error Message/div_Invalid image file type' is visible
	at com.kms.katalon.core.webui.keyword.internal.WebUIKeywordMain.stepFailed(WebUIKeywordMain.groovy:64)
	at com.kms.katalon.core.webui.keyword.internal.WebUIKeywordMain.runKeyword(WebUIKeywordMain.groovy:26)
	at com.kms.katalon.core.webui.keyword.builtin.VerifyElementVisibleKeyword.verifyElementVisible(VerifyElementVisibleKeyword.groovy:97)
	at com.kms.katalon.core.webui.keyword.builtin.VerifyElementVisibleKeyword.execute(VerifyElementVisibleKeyword.groovy:67)
	at com.kms.katalon.core.keyword.internal.KeywordExecutor.executeKeywordForPlatform(KeywordExecutor.groovy:74)
	at com.kms.katalon.core.webui.keyword.WebUiBuiltInKeywords.verifyElementVisible(WebUiBuiltInKeywords.groovy:376)
	at com.kms.katalon.core.webui.keyword.WebUiBuiltInKeywords$verifyElementVisible$7.call(Unknown Source)
	at Verify Gambar Produk Invalid File Error Message.run(Verify Gambar Produk Invalid File Error Message:20)
	at com.kms.katalon.core.main.ScriptEngine.run(ScriptEngine.java:194)
	at com.kms.katalon.core.main.ScriptEngine.runScriptAsRawText(ScriptEngine.java:119)
	at com.kms.katalon.core.main.TestCaseExecutor.runScript(TestCaseExecutor.java:448)
	at com.kms.katalon.core.main.TestCaseExecutor.doExecute(TestCaseExecutor.java:439)
	at com.kms.katalon.core.main.TestCaseExecutor.processExecutionPhase(TestCaseExecutor.java:418)
	at com.kms.katalon.core.main.TestCaseExecutor.accessMainPhase(TestCaseExecutor.java:410)
	at com.kms.katalon.core.main.TestCaseExecutor.execute(TestCaseExecutor.java:285)
	at com.kms.katalon.core.main.TestCaseMain.runTestCase(TestCaseMain.java:144)
	at com.kms.katalon.core.keyword.builtin.CallTestCaseKeyword$_callTestCase_closure1.doCall(CallTestCaseKeyword.groovy:59)
	... 20 more
Caused by: com.kms.katalon.core.exception.StepFailedException: Web element with id: 'Object Repository/Products/Add Product Page/Error Message/div_Invalid image file type' located by '//div[@class = 'form-text text-danger' and (contains(text(), 'Invalid image file type') or contains(., 'Invalid image file type'))]' not found
	at com.kms.katalon.core.webui.keyword.internal.WebUIKeywordMain.stepFailed(WebUIKeywordMain.groovy:64)
	at com.kms.katalon.core.webui.keyword.builtin.VerifyElementVisibleKeyword$_verifyElementVisible_closure1.doCall(VerifyElementVisibleKeyword.groovy:89)
	at com.kms.katalon.core.webui.keyword.builtin.VerifyElementVisibleKeyword$_verifyElementVisible_closure1.call(VerifyElementVisibleKeyword.groovy)
	at com.kms.katalon.core.webui.keyword.internal.WebUIKeywordMain.runKeyword(WebUIKeywordMain.groovy:20)
	... 35 more
)

2023-07-03 17:40:52 - [TEST_STEP][PASSED] - Start listener action : AfterTestCase: Browser is closed

2023-07-03 17:40:52 - [TEST_STEP][PASSED] - logInfo("Test Case: " + testCaseContext.getTestCaseId() + " | " + testCaseContext.getTestCaseStatus()): Test Case: Test Cases/Step Definition/Feature Add Product/ADDP09 - Add Product with Input Invalid File Type in Gambar Produk Field | FAILED

2023-07-03 17:40:52 - [MESSAGE][INFO] - Test Case: Test Cases/Step Definition/Feature Add Product/ADDP09 - Add Product with Input Invalid File Type in Gambar Produk Field | FAILED

2023-07-03 17:40:52 - [TEST_STEP][PASSED] - closeBrowser(): null

2023-07-03 17:40:52 - [TEST_STEP][PASSED] - closeBrowser(): Browser is closed

2023-07-03 17:40:52 - [MESSAGE][PASSED] - Browser is closed]]></system-out>
         <system-err><![CDATA[2023-07-03 17:39:53 - [TEST_CASE][FAILED] - Test Cases/Step Definition/Feature Add Product/ADDP09 - Add Product with Input Invalid File Type in Gambar Produk Field: Test Cases/Step Definition/Feature Add Product/ADDP09 - Add Product with Input Invalid File Type in Gambar Produk Field FAILED.
Reason:
com.kms.katalon.core.exception.StepFailedException: Call Test Case 'Test Cases/Pages/Add Product/Verify Error Message/Verify Gambar Produk Invalid File Error Message' failed
	at com.kms.katalon.core.keyword.builtin.CallTestCaseKeyword$_callTestCase_closure1.doCall(CallTestCaseKeyword.groovy:63)
	at com.kms.katalon.core.keyword.builtin.CallTestCaseKeyword$_callTestCase_closure1.call(CallTestCaseKeyword.groovy)
	at com.kms.katalon.core.keyword.internal.KeywordMain.runKeyword(KeywordMain.groovy:75)
	at com.kms.katalon.core.keyword.builtin.CallTestCaseKeyword.callTestCase(CallTestCaseKeyword.groovy:81)
	at com.kms.katalon.core.keyword.builtin.CallTestCaseKeyword.execute(CallTestCaseKeyword.groovy:44)
	at com.kms.katalon.core.keyword.internal.KeywordExecutor.executeKeywordForPlatform(KeywordExecutor.groovy:74)
	at com.kms.katalon.core.keyword.BuiltinKeywords.callTestCase(BuiltinKeywords.groovy:334)
	at ADDP09 - Add Product with Input Invalid File Type in Gambar Produk Field.run(ADDP09 - Add Product with Input Invalid File Type in Gambar Produk Field:56)
	at com.kms.katalon.core.main.ScriptEngine.run(ScriptEngine.java:194)
	at com.kms.katalon.core.main.ScriptEngine.runScriptAsRawText(ScriptEngine.java:119)
	at com.kms.katalon.core.main.TestCaseExecutor.runScript(TestCaseExecutor.java:448)
	at com.kms.katalon.core.main.TestCaseExecutor.doExecute(TestCaseExecutor.java:439)
	at com.kms.katalon.core.main.TestCaseExecutor.processExecutionPhase(TestCaseExecutor.java:418)
	at com.kms.katalon.core.main.TestCaseExecutor.accessMainPhase(TestCaseExecutor.java:410)
	at com.kms.katalon.core.main.TestCaseExecutor.execute(TestCaseExecutor.java:285)
	at com.kms.katalon.core.common.CommonExecutor.accessTestCaseMainPhase(CommonExecutor.java:65)
	at com.kms.katalon.core.main.TestSuiteExecutor.accessTestSuiteMainPhase(TestSuiteExecutor.java:148)
	at com.kms.katalon.core.main.TestSuiteExecutor.execute(TestSuiteExecutor.java:106)
	at com.kms.katalon.core.main.TestCaseMain.startTestSuite(TestCaseMain.java:187)
	at com.kms.katalon.core.main.TestCaseMain$startTestSuite$0.call(Unknown Source)
	at TempTestSuite1688380617485.run(TempTestSuite1688380617485.groovy:36)
Caused by: com.kms.katalon.core.exception.StepFailedException: Unable to verify object 'Object Repository/Products/Add Product Page/Error Message/div_Invalid image file type' is visible
	at com.kms.katalon.core.webui.keyword.internal.WebUIKeywordMain.stepFailed(WebUIKeywordMain.groovy:64)
	at com.kms.katalon.core.webui.keyword.internal.WebUIKeywordMain.runKeyword(WebUIKeywordMain.groovy:26)
	at com.kms.katalon.core.webui.keyword.builtin.VerifyElementVisibleKeyword.verifyElementVisible(VerifyElementVisibleKeyword.groovy:97)
	at com.kms.katalon.core.webui.keyword.builtin.VerifyElementVisibleKeyword.execute(VerifyElementVisibleKeyword.groovy:67)
	at com.kms.katalon.core.keyword.internal.KeywordExecutor.executeKeywordForPlatform(KeywordExecutor.groovy:74)
	at com.kms.katalon.core.webui.keyword.WebUiBuiltInKeywords.verifyElementVisible(WebUiBuiltInKeywords.groovy:376)
	at com.kms.katalon.core.webui.keyword.WebUiBuiltInKeywords$verifyElementVisible$7.call(Unknown Source)
	at Verify Gambar Produk Invalid File Error Message.run(Verify Gambar Produk Invalid File Error Message:20)
	at com.kms.katalon.core.main.ScriptEngine.run(ScriptEngine.java:194)
	at com.kms.katalon.core.main.ScriptEngine.runScriptAsRawText(ScriptEngine.java:119)
	at com.kms.katalon.core.main.TestCaseExecutor.runScript(TestCaseExecutor.java:448)
	at com.kms.katalon.core.main.TestCaseExecutor.doExecute(TestCaseExecutor.java:439)
	at com.kms.katalon.core.main.TestCaseExecutor.processExecutionPhase(TestCaseExecutor.java:418)
	at com.kms.katalon.core.main.TestCaseExecutor.accessMainPhase(TestCaseExecutor.java:410)
	at com.kms.katalon.core.main.TestCaseExecutor.execute(TestCaseExecutor.java:285)
	at com.kms.katalon.core.main.TestCaseMain.runTestCase(TestCaseMain.java:144)
	at com.kms.katalon.core.keyword.builtin.CallTestCaseKeyword$_callTestCase_closure1.doCall(CallTestCaseKeyword.groovy:59)
	... 20 more
Caused by: com.kms.katalon.core.exception.StepFailedException: Web element with id: 'Object Repository/Products/Add Product Page/Error Message/div_Invalid image file type' located by '//div[@class = 'form-text text-danger' and (contains(text(), 'Invalid image file type') or contains(., 'Invalid image file type'))]' not found
	at com.kms.katalon.core.webui.keyword.internal.WebUIKeywordMain.stepFailed(WebUIKeywordMain.groovy:64)
	at com.kms.katalon.core.webui.keyword.builtin.VerifyElementVisibleKeyword$_verifyElementVisible_closure1.doCall(VerifyElementVisibleKeyword.groovy:89)
	at com.kms.katalon.core.webui.keyword.builtin.VerifyElementVisibleKeyword$_verifyElementVisible_closure1.call(VerifyElementVisibleKeyword.groovy)
	at com.kms.katalon.core.webui.keyword.internal.WebUIKeywordMain.runKeyword(WebUIKeywordMain.groovy:20)
	... 35 more]]></system-err>
      </testcase>
      <system-out><![CDATA[2023-07-03 17:36:59 - [TEST_SUITE][FAILED] - Feature Add Product - Negative Case: Test Cases/Step Definition/Feature Add Product/ADDP07 - Add Product without input Gambar Produk field FAILED.
Reason:
com.kms.katalon.core.exception.StepFailedException: Call Test Case 'Test Cases/Pages/Add Product/Verify Error Message/Verify Gambar Produk Blank Error Message' failed
	at com.kms.katalon.core.keyword.builtin.CallTestCaseKeyword$_callTestCase_closure1.doCall(CallTestCaseKeyword.groovy:63)
	at com.kms.katalon.core.keyword.builtin.CallTestCaseKeyword$_callTestCase_closure1.call(CallTestCaseKeyword.groovy)
	at com.kms.katalon.core.keyword.internal.KeywordMain.runKeyword(KeywordMain.groovy:75)
	at com.kms.katalon.core.keyword.builtin.CallTestCaseKeyword.callTestCase(CallTestCaseKeyword.groovy:81)
	at com.kms.katalon.core.keyword.builtin.CallTestCaseKeyword.execute(CallTestCaseKeyword.groovy:44)
	at com.kms.katalon.core.keyword.internal.KeywordExecutor.executeKeywordForPlatform(KeywordExecutor.groovy:74)
	at com.kms.katalon.core.keyword.BuiltinKeywords.callTestCase(BuiltinKeywords.groovy:334)
	at ADDP07 - Add Product without input Gambar Produk field.run(ADDP07 - Add Product without input Gambar Produk field:43)
	at com.kms.katalon.core.main.ScriptEngine.run(ScriptEngine.java:194)
	at com.kms.katalon.core.main.ScriptEngine.runScriptAsRawText(ScriptEngine.java:119)
	at com.kms.katalon.core.main.TestCaseExecutor.runScript(TestCaseExecutor.java:448)
	at com.kms.katalon.core.main.TestCaseExecutor.doExecute(TestCaseExecutor.java:439)
	at com.kms.katalon.core.main.TestCaseExecutor.processExecutionPhase(TestCaseExecutor.java:418)
	at com.kms.katalon.core.main.TestCaseExecutor.accessMainPhase(TestCaseExecutor.java:410)
	at com.kms.katalon.core.main.TestCaseExecutor.execute(TestCaseExecutor.java:285)
	at com.kms.katalon.core.common.CommonExecutor.accessTestCaseMainPhase(CommonExecutor.java:65)
	at com.kms.katalon.core.main.TestSuiteExecutor.accessTestSuiteMainPhase(TestSuiteExecutor.java:148)
	at com.kms.katalon.core.main.TestSuiteExecutor.execute(TestSuiteExecutor.java:106)
	at com.kms.katalon.core.main.TestCaseMain.startTestSuite(TestCaseMain.java:187)
	at com.kms.katalon.core.main.TestCaseMain$startTestSuite$0.call(Unknown Source)
	at TempTestSuite1688380617485.run(TempTestSuite1688380617485.groovy:36)
Caused by: com.kms.katalon.core.exception.StepFailedException: Unable to verify object 'Object Repository/Products/Add Product Page/Error Message/div_Image cant be blank' is visible
	at com.kms.katalon.core.webui.keyword.internal.WebUIKeywordMain.stepFailed(WebUIKeywordMain.groovy:64)
	at com.kms.katalon.core.webui.keyword.internal.WebUIKeywordMain.runKeyword(WebUIKeywordMain.groovy:26)
	at com.kms.katalon.core.webui.keyword.builtin.VerifyElementVisibleKeyword.verifyElementVisible(VerifyElementVisibleKeyword.groovy:97)
	at com.kms.katalon.core.webui.keyword.builtin.VerifyElementVisibleKeyword.execute(VerifyElementVisibleKeyword.groovy:67)
	at com.kms.katalon.core.keyword.internal.KeywordExecutor.executeKeywordForPlatform(KeywordExecutor.groovy:74)
	at com.kms.katalon.core.webui.keyword.WebUiBuiltInKeywords.verifyElementVisible(WebUiBuiltInKeywords.groovy:376)
	at com.kms.katalon.core.webui.keyword.WebUiBuiltInKeywords$verifyElementVisible$7.call(Unknown Source)
	at Verify Gambar Produk Blank Error Message.run(Verify Gambar Produk Blank Error Message:20)
	at com.kms.katalon.core.main.ScriptEngine.run(ScriptEngine.java:194)
	at com.kms.katalon.core.main.ScriptEngine.runScriptAsRawText(ScriptEngine.java:119)
	at com.kms.katalon.core.main.TestCaseExecutor.runScript(TestCaseExecutor.java:448)
	at com.kms.katalon.core.main.TestCaseExecutor.doExecute(TestCaseExecutor.java:439)
	at com.kms.katalon.core.main.TestCaseExecutor.processExecutionPhase(TestCaseExecutor.java:418)
	at com.kms.katalon.core.main.TestCaseExecutor.accessMainPhase(TestCaseExecutor.java:410)
	at com.kms.katalon.core.main.TestCaseExecutor.execute(TestCaseExecutor.java:285)
	at com.kms.katalon.core.main.TestCaseMain.runTestCase(TestCaseMain.java:144)
	at com.kms.katalon.core.keyword.builtin.CallTestCaseKeyword$_callTestCase_closure1.doCall(CallTestCaseKeyword.groovy:59)
	... 20 more
Caused by: com.kms.katalon.core.exception.StepFailedException: Web element with id: 'Object Repository/Products/Add Product Page/Error Message/div_Image cant be blank' located by '//div[@class = 'form-text text-danger' and (contains(text(), concat("Image can" , "'" , "t be blank")) or contains(., concat("Image can" , "'" , "t be blank")))]' not found
	at com.kms.katalon.core.webui.keyword.internal.WebUIKeywordMain.stepFailed(WebUIKeywordMain.groovy:64)
	at com.kms.katalon.core.webui.keyword.builtin.VerifyElementVisibleKeyword$_verifyElementVisible_closure1.doCall(VerifyElementVisibleKeyword.groovy:89)
	at com.kms.katalon.core.webui.keyword.builtin.VerifyElementVisibleKeyword$_verifyElementVisible_closure1.call(VerifyElementVisibleKeyword.groovy)
	at com.kms.katalon.core.webui.keyword.internal.WebUIKeywordMain.runKeyword(WebUIKeywordMain.groovy:20)
	... 35 more]]></system-out>
      <system-err><![CDATA[2023-07-03 17:36:59 - [TEST_SUITE][FAILED] - Feature Add Product - Negative Case: Test Cases/Step Definition/Feature Add Product/ADDP07 - Add Product without input Gambar Produk field FAILED.
Reason:
com.kms.katalon.core.exception.StepFailedException: Call Test Case 'Test Cases/Pages/Add Product/Verify Error Message/Verify Gambar Produk Blank Error Message' failed
	at com.kms.katalon.core.keyword.builtin.CallTestCaseKeyword$_callTestCase_closure1.doCall(CallTestCaseKeyword.groovy:63)
	at com.kms.katalon.core.keyword.builtin.CallTestCaseKeyword$_callTestCase_closure1.call(CallTestCaseKeyword.groovy)
	at com.kms.katalon.core.keyword.internal.KeywordMain.runKeyword(KeywordMain.groovy:75)
	at com.kms.katalon.core.keyword.builtin.CallTestCaseKeyword.callTestCase(CallTestCaseKeyword.groovy:81)
	at com.kms.katalon.core.keyword.builtin.CallTestCaseKeyword.execute(CallTestCaseKeyword.groovy:44)
	at com.kms.katalon.core.keyword.internal.KeywordExecutor.executeKeywordForPlatform(KeywordExecutor.groovy:74)
	at com.kms.katalon.core.keyword.BuiltinKeywords.callTestCase(BuiltinKeywords.groovy:334)
	at ADDP07 - Add Product without input Gambar Produk field.run(ADDP07 - Add Product without input Gambar Produk field:43)
	at com.kms.katalon.core.main.ScriptEngine.run(ScriptEngine.java:194)
	at com.kms.katalon.core.main.ScriptEngine.runScriptAsRawText(ScriptEngine.java:119)
	at com.kms.katalon.core.main.TestCaseExecutor.runScript(TestCaseExecutor.java:448)
	at com.kms.katalon.core.main.TestCaseExecutor.doExecute(TestCaseExecutor.java:439)
	at com.kms.katalon.core.main.TestCaseExecutor.processExecutionPhase(TestCaseExecutor.java:418)
	at com.kms.katalon.core.main.TestCaseExecutor.accessMainPhase(TestCaseExecutor.java:410)
	at com.kms.katalon.core.main.TestCaseExecutor.execute(TestCaseExecutor.java:285)
	at com.kms.katalon.core.common.CommonExecutor.accessTestCaseMainPhase(CommonExecutor.java:65)
	at com.kms.katalon.core.main.TestSuiteExecutor.accessTestSuiteMainPhase(TestSuiteExecutor.java:148)
	at com.kms.katalon.core.main.TestSuiteExecutor.execute(TestSuiteExecutor.java:106)
	at com.kms.katalon.core.main.TestCaseMain.startTestSuite(TestCaseMain.java:187)
	at com.kms.katalon.core.main.TestCaseMain$startTestSuite$0.call(Unknown Source)
	at TempTestSuite1688380617485.run(TempTestSuite1688380617485.groovy:36)
Caused by: com.kms.katalon.core.exception.StepFailedException: Unable to verify object 'Object Repository/Products/Add Product Page/Error Message/div_Image cant be blank' is visible
	at com.kms.katalon.core.webui.keyword.internal.WebUIKeywordMain.stepFailed(WebUIKeywordMain.groovy:64)
	at com.kms.katalon.core.webui.keyword.internal.WebUIKeywordMain.runKeyword(WebUIKeywordMain.groovy:26)
	at com.kms.katalon.core.webui.keyword.builtin.VerifyElementVisibleKeyword.verifyElementVisible(VerifyElementVisibleKeyword.groovy:97)
	at com.kms.katalon.core.webui.keyword.builtin.VerifyElementVisibleKeyword.execute(VerifyElementVisibleKeyword.groovy:67)
	at com.kms.katalon.core.keyword.internal.KeywordExecutor.executeKeywordForPlatform(KeywordExecutor.groovy:74)
	at com.kms.katalon.core.webui.keyword.WebUiBuiltInKeywords.verifyElementVisible(WebUiBuiltInKeywords.groovy:376)
	at com.kms.katalon.core.webui.keyword.WebUiBuiltInKeywords$verifyElementVisible$7.call(Unknown Source)
	at Verify Gambar Produk Blank Error Message.run(Verify Gambar Produk Blank Error Message:20)
	at com.kms.katalon.core.main.ScriptEngine.run(ScriptEngine.java:194)
	at com.kms.katalon.core.main.ScriptEngine.runScriptAsRawText(ScriptEngine.java:119)
	at com.kms.katalon.core.main.TestCaseExecutor.runScript(TestCaseExecutor.java:448)
	at com.kms.katalon.core.main.TestCaseExecutor.doExecute(TestCaseExecutor.java:439)
	at com.kms.katalon.core.main.TestCaseExecutor.processExecutionPhase(TestCaseExecutor.java:418)
	at com.kms.katalon.core.main.TestCaseExecutor.accessMainPhase(TestCaseExecutor.java:410)
	at com.kms.katalon.core.main.TestCaseExecutor.execute(TestCaseExecutor.java:285)
	at com.kms.katalon.core.main.TestCaseMain.runTestCase(TestCaseMain.java:144)
	at com.kms.katalon.core.keyword.builtin.CallTestCaseKeyword$_callTestCase_closure1.doCall(CallTestCaseKeyword.groovy:59)
	... 20 more
Caused by: com.kms.katalon.core.exception.StepFailedException: Web element with id: 'Object Repository/Products/Add Product Page/Error Message/div_Image cant be blank' located by '//div[@class = 'form-text text-danger' and (contains(text(), concat("Image can" , "'" , "t be blank")) or contains(., concat("Image can" , "'" , "t be blank")))]' not found
	at com.kms.katalon.core.webui.keyword.internal.WebUIKeywordMain.stepFailed(WebUIKeywordMain.groovy:64)
	at com.kms.katalon.core.webui.keyword.builtin.VerifyElementVisibleKeyword$_verifyElementVisible_closure1.doCall(VerifyElementVisibleKeyword.groovy:89)
	at com.kms.katalon.core.webui.keyword.builtin.VerifyElementVisibleKeyword$_verifyElementVisible_closure1.call(VerifyElementVisibleKeyword.groovy)
	at com.kms.katalon.core.webui.keyword.internal.WebUIKeywordMain.runKeyword(WebUIKeywordMain.groovy:20)
	... 35 more]]></system-err>
   </testsuite>
</testsuites>
